2024-08-09 15:27:55,382 [myid:] - INFO  [main:QuorumPeerConfig@174] - Reading configuration from: /Users/kimhyeonseo/Desktop/inflearn/golang_chat/apache-zookeeper-3.7.2-bin/bin/../conf/zoo.cfg
2024-08-09 15:27:55,386 [myid:] - INFO  [main:QuorumPeerConfig@444] - clientPortAddress is 0.0.0.0:2181
2024-08-09 15:27:55,386 [myid:] - INFO  [main:QuorumPeerConfig@448] - secureClientPort is not set
2024-08-09 15:27:55,386 [myid:] - INFO  [main:QuorumPeerConfig@464] - observerMasterPort is not set
2024-08-09 15:27:55,386 [myid:] - INFO  [main:QuorumPeerConfig@481] - metricsProvider.className is org.apache.zookeeper.metrics.impl.DefaultMetricsProvider
2024-08-09 15:27:55,387 [myid:] - INFO  [main:DatadirCleanupManager@78] - autopurge.snapRetainCount set to 3
2024-08-09 15:27:55,387 [myid:] - INFO  [main:DatadirCleanupManager@79] - autopurge.purgeInterval set to 0
2024-08-09 15:27:55,387 [myid:] - INFO  [main:DatadirCleanupManager@101] - Purge task is not scheduled.
2024-08-09 15:27:55,387 [myid:] - WARN  [main:QuorumPeerMain@139] - Either no config or no quorum defined in config, running in standalone mode
2024-08-09 15:27:55,388 [myid:] - INFO  [main:ManagedUtil@46] - Log4j 1.2 jmx support not found; jmx disabled.
2024-08-09 15:27:55,388 [myid:] - INFO  [main:QuorumPeerConfig@174] - Reading configuration from: /Users/kimhyeonseo/Desktop/inflearn/golang_chat/apache-zookeeper-3.7.2-bin/bin/../conf/zoo.cfg
2024-08-09 15:27:55,388 [myid:] - INFO  [main:QuorumPeerConfig@444] - clientPortAddress is 0.0.0.0:2181
2024-08-09 15:27:55,388 [myid:] - INFO  [main:QuorumPeerConfig@448] - secureClientPort is not set
2024-08-09 15:27:55,388 [myid:] - INFO  [main:QuorumPeerConfig@464] - observerMasterPort is not set
2024-08-09 15:27:55,388 [myid:] - INFO  [main:QuorumPeerConfig@481] - metricsProvider.className is org.apache.zookeeper.metrics.impl.DefaultMetricsProvider
2024-08-09 15:27:55,388 [myid:] - INFO  [main:ZooKeeperServerMain@123] - Starting server
2024-08-09 15:27:55,393 [myid:] - INFO  [main:ServerMetrics@62] - ServerMetrics initialized with provider org.apache.zookeeper.metrics.impl.DefaultMetricsProvider@6166e06f
2024-08-09 15:27:55,394 [myid:] - INFO  [main:DigestAuthenticationProvider@47] - ACL digest algorithm is: SHA1
2024-08-09 15:27:55,394 [myid:] - INFO  [main:DigestAuthenticationProvider@61] - zookeeper.DigestAuthenticationProvider.enabled = true
2024-08-09 15:27:55,396 [myid:] - INFO  [main:FileTxnSnapLog@124] - zookeeper.snapshot.trust.empty : false
2024-08-09 15:27:55,400 [myid:] - INFO  [main:ZookeeperBanner@42] - 
2024-08-09 15:27:55,400 [myid:] - INFO  [main:ZookeeperBanner@42] -   ______                  _                                          
2024-08-09 15:27:55,400 [myid:] - INFO  [main:ZookeeperBanner@42] -  |___  /                 | |                                         
2024-08-09 15:27:55,400 [myid:] - INFO  [main:ZookeeperBanner@42] -     / /    ___     ___   | | __   ___    ___   _ __     ___   _ __   
2024-08-09 15:27:55,400 [myid:] - INFO  [main:ZookeeperBanner@42] -    / /    / _ \   / _ \  | |/ /  / _ \  / _ \ | '_ \   / _ \ | '__|
2024-08-09 15:27:55,400 [myid:] - INFO  [main:ZookeeperBanner@42] -   / /__  | (_) | | (_) | |   <  |  __/ |  __/ | |_) | |  __/ | |    
2024-08-09 15:27:55,400 [myid:] - INFO  [main:ZookeeperBanner@42] -  /_____|  \___/   \___/  |_|\_\  \___|  \___| | .__/   \___| |_|
2024-08-09 15:27:55,400 [myid:] - INFO  [main:ZookeeperBanner@42] -                                               | |                     
2024-08-09 15:27:55,400 [myid:] - INFO  [main:ZookeeperBanner@42] -                                               |_|                     
2024-08-09 15:27:55,400 [myid:] - INFO  [main:ZookeeperBanner@42] - 
2024-08-09 15:27:55,401 [myid:] - INFO  [main:Environment@98] - Server environment:zookeeper.version=3.7.2-c06c7c8a3e95779d4becb1938b378596e3b420d0, built on 2023-10-06 09:51 UTC
2024-08-09 15:27:55,401 [myid:] - INFO  [main:Environment@98] - Server environment:host.name=localhost
2024-08-09 15:27:55,401 [myid:] - INFO  [main:Environment@98] - Server environment:java.version=17.0.10
2024-08-09 15:27:55,401 [myid:] - INFO  [main:Environment@98] - Server environment:java.vendor=Oracle Corporation
2024-08-09 15:27:55,401 [myid:] - INFO  [main:Environment@98] - Server environment:java.home=/Library/Java/JavaVirtualMachines/jdk-17.jdk/Contents/Home
2024-08-09 15:27:55,401 [myid:] - INFO  [main:Environment@98] - Server environment:java.class.path=/Users/kimhyeonseo/Desktop/inflearn/golang_chat/apache-zookeeper-3.7.2-bin/bin/../zookeeper-server/target/classes:/Users/kimhyeonseo/Desktop/inflearn/golang_chat/apache-zookeeper-3.7.2-bin/bin/../build/classes:/Users/kimhyeonseo/Desktop/inflearn/golang_chat/apache-zookeeper-3.7.2-bin/bin/../zookeeper-server/target/lib/*.jar:/Users/kimhyeonseo/Desktop/inflearn/golang_chat/apache-zookeeper-3.7.2-bin/bin/../build/lib/*.jar:/Users/kimhyeonseo/Desktop/inflearn/golang_chat/apache-zookeeper-3.7.2-bin/bin/../lib/zookeeper-prometheus-metrics-3.7.2.jar:/Users/kimhyeonseo/Desktop/inflearn/golang_chat/apache-zookeeper-3.7.2-bin/bin/../lib/zookeeper-jute-3.7.2.jar:/Users/kimhyeonseo/Desktop/inflearn/golang_chat/apache-zookeeper-3.7.2-bin/bin/../lib/zookeeper-3.7.2.jar:/Users/kimhyeonseo/Desktop/inflearn/golang_chat/apache-zookeeper-3.7.2-bin/bin/../lib/snappy-java-1.1.10.5.jar:/Users/kimhyeonseo/Desktop/inflearn/golang_chat/apache-zookeeper-3.7.2-bin/bin/../lib/slf4j-reload4j-1.7.35.jar:/Users/kimhyeonseo/Desktop/inflearn/golang_chat/apache-zookeeper-3.7.2-bin/bin/../lib/slf4j-api-1.7.35.jar:/Users/kimhyeonseo/Desktop/inflearn/golang_chat/apache-zookeeper-3.7.2-bin/bin/../lib/simpleclient_servlet-0.9.0.jar:/Users/kimhyeonseo/Desktop/inflearn/golang_chat/apache-zookeeper-3.7.2-bin/bin/../lib/simpleclient_hotspot-0.9.0.jar:/Users/kimhyeonseo/Desktop/inflearn/golang_chat/apache-zookeeper-3.7.2-bin/bin/../lib/simpleclient_common-0.9.0.jar:/Users/kimhyeonseo/Desktop/inflearn/golang_chat/apache-zookeeper-3.7.2-bin/bin/../lib/simpleclient-0.9.0.jar:/Users/kimhyeonseo/Desktop/inflearn/golang_chat/apache-zookeeper-3.7.2-bin/bin/../lib/reload4j-1.2.22.jar:/Users/kimhyeonseo/Desktop/inflearn/golang_chat/apache-zookeeper-3.7.2-bin/bin/../lib/netty-transport-native-unix-common-4.1.94.Final.jar:/Users/kimhyeonseo/Desktop/inflearn/golang_chat/apache-zookeeper-3.7.2-bin/bin/../lib/netty-transport-native-epoll-4.1.94.Final.jar:/Users/kimhyeonseo/Desktop/inflearn/golang_chat/apache-zookeeper-3.7.2-bin/bin/../lib/netty-transport-classes-epoll-4.1.94.Final.jar:/Users/kimhyeonseo/Desktop/inflearn/golang_chat/apache-zookeeper-3.7.2-bin/bin/../lib/netty-transport-4.1.94.Final.jar:/Users/kimhyeonseo/Desktop/inflearn/golang_chat/apache-zookeeper-3.7.2-bin/bin/../lib/netty-resolver-4.1.94.Final.jar:/Users/kimhyeonseo/Desktop/inflearn/golang_chat/apache-zookeeper-3.7.2-bin/bin/../lib/netty-handler-4.1.94.Final.jar:/Users/kimhyeonseo/Desktop/inflearn/golang_chat/apache-zookeeper-3.7.2-bin/bin/../lib/netty-common-4.1.94.Final.jar:/Users/kimhyeonseo/Desktop/inflearn/golang_chat/apache-zookeeper-3.7.2-bin/bin/../lib/netty-codec-4.1.94.Final.jar:/Users/kimhyeonseo/Desktop/inflearn/golang_chat/apache-zookeeper-3.7.2-bin/bin/../lib/netty-buffer-4.1.94.Final.jar:/Users/kimhyeonseo/Desktop/inflearn/golang_chat/apache-zookeeper-3.7.2-bin/bin/../lib/metrics-core-4.1.12.1.jar:/Users/kimhyeonseo/Desktop/inflearn/golang_chat/apache-zookeeper-3.7.2-bin/bin/../lib/jline-2.14.6.jar:/Users/kimhyeonseo/Desktop/inflearn/golang_chat/apache-zookeeper-3.7.2-bin/bin/../lib/jetty-util-ajax-9.4.52.v20230823.jar:/Users/kimhyeonseo/Desktop/inflearn/golang_chat/apache-zookeeper-3.7.2-bin/bin/../lib/jetty-util-9.4.52.v20230823.jar:/Users/kimhyeonseo/Desktop/inflearn/golang_chat/apache-zookeeper-3.7.2-bin/bin/../lib/jetty-servlet-9.4.52.v20230823.jar:/Users/kimhyeonseo/Desktop/inflearn/golang_chat/apache-zookeeper-3.7.2-bin/bin/../lib/jetty-server-9.4.52.v20230823.jar:/Users/kimhyeonseo/Desktop/inflearn/golang_chat/apache-zookeeper-3.7.2-bin/bin/../lib/jetty-security-9.4.52.v20230823.jar:/Users/kimhyeonseo/Desktop/inflearn/golang_chat/apache-zookeeper-3.7.2-bin/bin/../lib/jetty-io-9.4.52.v20230823.jar:/Users/kimhyeonseo/Desktop/inflearn/golang_chat/apache-zookeeper-3.7.2-bin/bin/../lib/jetty-http-9.4.52.v20230823.jar:/Users/kimhyeonseo/Desktop/inflearn/golang_chat/apache-zookeeper-3.7.2-bin/bin/../lib/javax.servlet-api-3.1.0.jar:/Users/kimhyeonseo/Desktop/inflearn/golang_chat/apache-zookeeper-3.7.2-bin/bin/../lib/jackson-databind-2.15.2.jar:/Users/kimhyeonseo/Desktop/inflearn/golang_chat/apache-zookeeper-3.7.2-bin/bin/../lib/jackson-core-2.15.2.jar:/Users/kimhyeonseo/Desktop/inflearn/golang_chat/apache-zookeeper-3.7.2-bin/bin/../lib/jackson-annotations-2.15.2.jar:/Users/kimhyeonseo/Desktop/inflearn/golang_chat/apache-zookeeper-3.7.2-bin/bin/../lib/commons-cli-1.5.0.jar:/Users/kimhyeonseo/Desktop/inflearn/golang_chat/apache-zookeeper-3.7.2-bin/bin/../lib/audience-annotations-0.12.0.jar:/Users/kimhyeonseo/Desktop/inflearn/golang_chat/apache-zookeeper-3.7.2-bin/bin/../zookeeper-*.jar:/Users/kimhyeonseo/Desktop/inflearn/golang_chat/apache-zookeeper-3.7.2-bin/bin/../zookeeper-server/src/main/resources/lib/*.jar:/Users/kimhyeonseo/Desktop/inflearn/golang_chat/apache-zookeeper-3.7.2-bin/bin/../conf:
2024-08-09 15:27:55,402 [myid:] - INFO  [main:Environment@98] - Server environment:java.library.path=/Users/kimhyeonseo/Library/Java/Extensions:/Library/Java/Extensions:/Network/Library/Java/Extensions:/System/Library/Java/Extensions:/usr/lib/java:.
2024-08-09 15:27:55,402 [myid:] - INFO  [main:Environment@98] - Server environment:java.io.tmpdir=/var/folders/z3/gj76rzt16t3cxkk_5fcyvbxc0000gn/T/
2024-08-09 15:27:55,402 [myid:] - INFO  [main:Environment@98] - Server environment:java.compiler=<NA>
2024-08-09 15:27:55,402 [myid:] - INFO  [main:Environment@98] - Server environment:os.name=Mac OS X
2024-08-09 15:27:55,402 [myid:] - INFO  [main:Environment@98] - Server environment:os.arch=aarch64
2024-08-09 15:27:55,402 [myid:] - INFO  [main:Environment@98] - Server environment:os.version=14.5
2024-08-09 15:27:55,402 [myid:] - INFO  [main:Environment@98] - Server environment:user.name=kimhyeonseo
2024-08-09 15:27:55,402 [myid:] - INFO  [main:Environment@98] - Server environment:user.home=/Users/kimhyeonseo
2024-08-09 15:27:55,402 [myid:] - INFO  [main:Environment@98] - Server environment:user.dir=/Users/kimhyeonseo/Desktop/inflearn/golang_chat/apache-zookeeper-3.7.2-bin/bin
2024-08-09 15:27:55,402 [myid:] - INFO  [main:Environment@98] - Server environment:os.memory.free=245MB
2024-08-09 15:27:55,402 [myid:] - INFO  [main:Environment@98] - Server environment:os.memory.max=1000MB
2024-08-09 15:27:55,402 [myid:] - INFO  [main:Environment@98] - Server environment:os.memory.total=258MB
2024-08-09 15:27:55,402 [myid:] - INFO  [main:ZooKeeperServer@138] - zookeeper.enableEagerACLCheck = false
2024-08-09 15:27:55,402 [myid:] - INFO  [main:ZooKeeperServer@151] - zookeeper.digest.enabled = true
2024-08-09 15:27:55,402 [myid:] - INFO  [main:ZooKeeperServer@155] - zookeeper.closeSessionTxn.enabled = true
2024-08-09 15:27:55,402 [myid:] - INFO  [main:ZooKeeperServer@1519] - zookeeper.flushDelay=0
2024-08-09 15:27:55,402 [myid:] - INFO  [main:ZooKeeperServer@1528] - zookeeper.maxWriteQueuePollTime=0
2024-08-09 15:27:55,402 [myid:] - INFO  [main:ZooKeeperServer@1537] - zookeeper.maxBatchSize=1000
2024-08-09 15:27:55,402 [myid:] - INFO  [main:ZooKeeperServer@271] - zookeeper.intBufferStartingSizeBytes = 1024
2024-08-09 15:27:55,402 [myid:] - INFO  [main:BlueThrottle@141] - Weighed connection throttling is disabled
2024-08-09 15:27:55,403 [myid:] - INFO  [main:ZooKeeperServer@1320] - minSessionTimeout set to 6000
2024-08-09 15:27:55,403 [myid:] - INFO  [main:ZooKeeperServer@1329] - maxSessionTimeout set to 60000
2024-08-09 15:27:55,403 [myid:] - INFO  [main:ResponseCache@45] - getData response cache size is initialized with value 400.
2024-08-09 15:27:55,403 [myid:] - INFO  [main:ResponseCache@45] - getChildren response cache size is initialized with value 400.
2024-08-09 15:27:55,404 [myid:] - INFO  [main:RequestPathMetricsCollector@109] - zookeeper.pathStats.slotCapacity = 60
2024-08-09 15:27:55,404 [myid:] - INFO  [main:RequestPathMetricsCollector@110] - zookeeper.pathStats.slotDuration = 15
2024-08-09 15:27:55,404 [myid:] - INFO  [main:RequestPathMetricsCollector@111] - zookeeper.pathStats.maxDepth = 6
2024-08-09 15:27:55,404 [myid:] - INFO  [main:RequestPathMetricsCollector@112] - zookeeper.pathStats.initialDelay = 5
2024-08-09 15:27:55,404 [myid:] - INFO  [main:RequestPathMetricsCollector@113] - zookeeper.pathStats.delay = 5
2024-08-09 15:27:55,404 [myid:] - INFO  [main:RequestPathMetricsCollector@114] - zookeeper.pathStats.enabled = false
2024-08-09 15:27:55,405 [myid:] - INFO  [main:ZooKeeperServer@1556] - The max bytes for all large requests are set to 104857600
2024-08-09 15:27:55,405 [myid:] - INFO  [main:ZooKeeperServer@1570] - The large request threshold is set to -1
2024-08-09 15:27:55,405 [myid:] - INFO  [main:AuthenticationHelper@66] - zookeeper.enforce.auth.enabled = false
2024-08-09 15:27:55,405 [myid:] - INFO  [main:AuthenticationHelper@67] - zookeeper.enforce.auth.schemes = []
2024-08-09 15:27:55,405 [myid:] - INFO  [main:ZooKeeperServer@372] - Created server with tickTime 3000 minSessionTimeout 6000 maxSessionTimeout 60000 clientPortListenBacklog -1 datadir /Users/kimhyeonseo/Desktop/inflearn/golang_chat/apache-zookeeper-3.7.2-bin/lib/zookeeper/version-2 snapdir /Users/kimhyeonseo/Desktop/inflearn/golang_chat/apache-zookeeper-3.7.2-bin/lib/zookeeper/version-2
2024-08-09 15:27:55,418 [myid:] - INFO  [main:Log@170] - Logging initialized @367ms to org.eclipse.jetty.util.log.Slf4jLog
2024-08-09 15:27:55,446 [myid:] - WARN  [main:ContextHandler@1662] - o.e.j.s.ServletContextHandler@3349e9bb{/,null,STOPPED} contextPath ends with /*
2024-08-09 15:27:55,446 [myid:] - WARN  [main:ContextHandler@1673] - Empty contextPath
2024-08-09 15:27:55,454 [myid:] - INFO  [main:Server@375] - jetty-9.4.52.v20230823; built: 2023-08-23T19:29:37.669Z; git: abdcda73818a1a2c705da276edb0bf6581e7997e; jvm 17.0.10+11-LTS-240
2024-08-09 15:27:55,464 [myid:] - INFO  [main:DefaultSessionIdManager@334] - DefaultSessionIdManager workerName=node0
2024-08-09 15:27:55,464 [myid:] - INFO  [main:DefaultSessionIdManager@339] - No SessionScavenger set, using defaults
2024-08-09 15:27:55,465 [myid:] - INFO  [main:HouseKeeper@132] - node0 Scavenging every 660000ms
2024-08-09 15:27:55,466 [myid:] - WARN  [main:ConstraintSecurityHandler@759] - ServletContext@o.e.j.s.ServletContextHandler@3349e9bb{/,null,STARTING} has uncovered http methods for path: /*
2024-08-09 15:27:55,470 [myid:] - INFO  [main:ContextHandler@921] - Started o.e.j.s.ServletContextHandler@3349e9bb{/,null,AVAILABLE}
2024-08-09 15:27:55,476 [myid:] - INFO  [main:AbstractConnector@333] - Started ServerConnector@35ef1869{HTTP/1.1, (http/1.1)}{0.0.0.0:8080}
2024-08-09 15:27:55,476 [myid:] - INFO  [main:Server@415] - Started @428ms
2024-08-09 15:27:55,476 [myid:] - INFO  [main:JettyAdminServer@190] - Started AdminServer on address 0.0.0.0, port 8080 and command URL /commands
2024-08-09 15:27:55,478 [myid:] - INFO  [main:ServerCnxnFactory@169] - Using org.apache.zookeeper.server.NIOServerCnxnFactory as server connection factory
2024-08-09 15:27:55,479 [myid:] - WARN  [main:ServerCnxnFactory@309] - maxCnxns is not configured, using default value 0.
2024-08-09 15:27:55,479 [myid:] - INFO  [main:NIOServerCnxnFactory@652] - Configuring NIO connection handler with 10s sessionless connection timeout, 2 selector thread(s), 16 worker threads, and 64 kB direct buffers.
2024-08-09 15:27:55,480 [myid:] - INFO  [main:NIOServerCnxnFactory@660] - binding to port 0.0.0.0/0.0.0.0:2181
2024-08-09 15:27:55,485 [myid:] - INFO  [main:WatchManagerFactory@42] - Using org.apache.zookeeper.server.watch.WatchManager as watch manager
2024-08-09 15:27:55,485 [myid:] - INFO  [main:WatchManagerFactory@42] - Using org.apache.zookeeper.server.watch.WatchManager as watch manager
2024-08-09 15:27:55,485 [myid:] - INFO  [main:ZKDatabase@133] - zookeeper.snapshotSizeFactor = 0.33
2024-08-09 15:27:55,485 [myid:] - INFO  [main:ZKDatabase@153] - zookeeper.commitLogCount=500
2024-08-09 15:27:55,491 [myid:] - INFO  [main:SnapStream@61] - zookeeper.snapshot.compression.method = CHECKED
2024-08-09 15:27:55,491 [myid:] - INFO  [main:FileTxnSnapLog@479] - Snapshotting: 0x0 to /Users/kimhyeonseo/Desktop/inflearn/golang_chat/apache-zookeeper-3.7.2-bin/lib/zookeeper/version-2/snapshot.0
2024-08-09 15:27:55,493 [myid:] - INFO  [main:ZKDatabase@290] - Snapshot loaded in 7 ms, highest zxid is 0x0, digest is 1371985504
2024-08-09 15:27:55,493 [myid:] - INFO  [main:FileTxnSnapLog@479] - Snapshotting: 0x0 to /Users/kimhyeonseo/Desktop/inflearn/golang_chat/apache-zookeeper-3.7.2-bin/lib/zookeeper/version-2/snapshot.0
2024-08-09 15:27:55,494 [myid:] - INFO  [main:ZooKeeperServer@554] - Snapshot taken in 0 ms
2024-08-09 15:27:55,496 [myid:] - INFO  [ProcessThread(sid:0 cport:2181)::PrepRequestProcessor@137] - PrepRequestProcessor (sid:0) started, reconfigEnabled=false
2024-08-09 15:27:55,496 [myid:] - INFO  [main:RequestThrottler@75] - zookeeper.request_throttler.shutdownTimeout = 10000
2024-08-09 15:27:55,502 [myid:] - INFO  [main:ContainerManager@84] - Using checkIntervalMs=60000 maxPerMinute=10000 maxNeverUsedIntervalMs=0
2024-08-09 15:27:55,502 [myid:] - INFO  [main:ZKAuditProvider@42] - ZooKeeper audit is disabled.
