[2024-08-10 18:20:26,888] INFO Creating topic chat with configuration {} and initial partition assignment Map(0 -> ArrayBuffer(0)) (kafka.zk.AdminZkClient)
[2024-08-10 18:20:26,925] INFO Creating topic __consumer_offsets with configuration {compression.type=producer, cleanup.policy=compact, segment.bytes=104857600} and initial partition assignment Map(23 -> ArrayBuffer(0), 32 -> ArrayBuffer(0), 41 -> ArrayBuffer(0), 17 -> ArrayBuffer(0), 8 -> ArrayBuffer(0), 35 -> ArrayBuffer(0), 44 -> ArrayBuffer(0), 26 -> ArrayBuffer(0), 11 -> ArrayBuffer(0), 29 -> ArrayBuffer(0), 38 -> ArrayBuffer(0), 47 -> ArrayBuffer(0), 20 -> ArrayBuffer(0), 2 -> ArrayBuffer(0), 5 -> ArrayBuffer(0), 14 -> ArrayBuffer(0), 46 -> ArrayBuffer(0), 49 -> ArrayBuffer(0), 40 -> ArrayBuffer(0), 13 -> ArrayBuffer(0), 4 -> ArrayBuffer(0), 22 -> ArrayBuffer(0), 31 -> ArrayBuffer(0), 16 -> ArrayBuffer(0), 7 -> ArrayBuffer(0), 43 -> ArrayBuffer(0), 25 -> ArrayBuffer(0), 34 -> ArrayBuffer(0), 10 -> ArrayBuffer(0), 37 -> ArrayBuffer(0), 1 -> ArrayBuffer(0), 19 -> ArrayBuffer(0), 28 -> ArrayBuffer(0), 45 -> ArrayBuffer(0), 27 -> ArrayBuffer(0), 36 -> ArrayBuffer(0), 18 -> ArrayBuffer(0), 9 -> ArrayBuffer(0), 21 -> ArrayBuffer(0), 48 -> ArrayBuffer(0), 3 -> ArrayBuffer(0), 12 -> ArrayBuffer(0), 30 -> ArrayBuffer(0), 39 -> ArrayBuffer(0), 15 -> ArrayBuffer(0), 42 -> ArrayBuffer(0), 24 -> ArrayBuffer(0), 6 -> ArrayBuffer(0), 33 -> ArrayBuffer(0), 0 -> ArrayBuffer(0)) (kafka.zk.AdminZkClient)
[2024-08-10 18:20:26,949] INFO [Controller id=0, targetBrokerId=0] Node 0 disconnected. (org.apache.kafka.clients.NetworkClient)
[2024-08-10 18:20:26,963] INFO [ReplicaFetcherManager on broker 0] Removed fetcher for partitions Set(chat-0) (kafka.server.ReplicaFetcherManager)
[2024-08-10 18:20:27,003] INFO [LogLoader partition=chat-0, dir=/Users/kimhyeonseo/Desktop/inflearn/golang_chat/kafka_2.12-3.8.0/logs/kafka-log] Loading producer state till offset 0 with message format version 2 (kafka.log.UnifiedLog$)
[2024-08-10 18:20:27,009] INFO Created log for partition chat-0 in /Users/kimhyeonseo/Desktop/inflearn/golang_chat/kafka_2.12-3.8.0/logs/kafka-log/chat-0 with properties {} (kafka.log.LogManager)
[2024-08-10 18:20:27,013] INFO [Partition chat-0 broker=0] No checkpointed highwatermark is found for partition chat-0 (kafka.cluster.Partition)
[2024-08-10 18:20:27,016] INFO [Partition chat-0 broker=0] Log loaded for partition chat-0 with initial high watermark 0 (kafka.cluster.Partition)
[2024-08-10 18:20:27,041] INFO [ReplicaFetcherManager on broker 0] Removed fetcher for partitions Set(__consumer_offsets-22, __consumer_offsets-30, __consumer_offsets-8, __consumer_offsets-21, __consumer_offsets-4, __consumer_offsets-27, __consumer_offsets-7, __consumer_offsets-9, __consumer_offsets-46, __consumer_offsets-25, __consumer_offsets-35, __consumer_offsets-41, __consumer_offsets-33, __consumer_offsets-23, __consumer_offsets-49, __consumer_offsets-47, __consumer_offsets-16, __consumer_offsets-28, __consumer_offsets-31, __consumer_offsets-36, __consumer_offsets-42, __consumer_offsets-3, __consumer_offsets-18, __consumer_offsets-37, __consumer_offsets-15, __consumer_offsets-24, __consumer_offsets-38, __consumer_offsets-17, __consumer_offsets-48, __consumer_offsets-19, __consumer_offsets-11, __consumer_offsets-13, __consumer_offsets-2, __consumer_offsets-43, __consumer_offsets-6, __consumer_offsets-14, __consumer_offsets-20, __consumer_offsets-0, __consumer_offsets-44, __consumer_offsets-39, __consumer_offsets-12, __consumer_offsets-45, __consumer_offsets-1, __consumer_offsets-5, __consumer_offsets-26, __consumer_offsets-29, __consumer_offsets-34, __consumer_offsets-10, __consumer_offsets-32, __consumer_offsets-40) (kafka.server.ReplicaFetcherManager)
[2024-08-10 18:20:27,044] INFO [LogLoader partition=__consumer_offsets-0, dir=/Users/kimhyeonseo/Desktop/inflearn/golang_chat/kafka_2.12-3.8.0/logs/kafka-log] Loading producer state till offset 0 with message format version 2 (kafka.log.UnifiedLog$)
[2024-08-10 18:20:27,044] INFO Created log for partition __consumer_offsets-0 in /Users/kimhyeonseo/Desktop/inflearn/golang_chat/kafka_2.12-3.8.0/logs/kafka-log/__consumer_offsets-0 with properties {cleanup.policy=compact, compression.type="producer", segment.bytes=104857600} (kafka.log.LogManager)
[2024-08-10 18:20:27,044] INFO [Partition __consumer_offsets-0 broker=0] No checkpointed highwatermark is found for partition __consumer_offsets-0 (kafka.cluster.Partition)
[2024-08-10 18:20:27,045] INFO [Partition __consumer_offsets-0 broker=0] Log loaded for partition __consumer_offsets-0 with initial high watermark 0 (kafka.cluster.Partition)
[2024-08-10 18:20:27,051] INFO [LogLoader partition=__consumer_offsets-29, dir=/Users/kimhyeonseo/Desktop/inflearn/golang_chat/kafka_2.12-3.8.0/logs/kafka-log] Loading producer state till offset 0 with message format version 2 (kafka.log.UnifiedLog$)
[2024-08-10 18:20:27,051] INFO Created log for partition __consumer_offsets-29 in /Users/kimhyeonseo/Desktop/inflearn/golang_chat/kafka_2.12-3.8.0/logs/kafka-log/__consumer_offsets-29 with properties {cleanup.policy=compact, compression.type="producer", segment.bytes=104857600} (kafka.log.LogManager)
[2024-08-10 18:20:27,051] INFO [Partition __consumer_offsets-29 broker=0] No checkpointed highwatermark is found for partition __consumer_offsets-29 (kafka.cluster.Partition)
[2024-08-10 18:20:27,052] INFO [Partition __consumer_offsets-29 broker=0] Log loaded for partition __consumer_offsets-29 with initial high watermark 0 (kafka.cluster.Partition)
[2024-08-10 18:20:27,059] INFO [LogLoader partition=__consumer_offsets-48, dir=/Users/kimhyeonseo/Desktop/inflearn/golang_chat/kafka_2.12-3.8.0/logs/kafka-log] Loading producer state till offset 0 with message format version 2 (kafka.log.UnifiedLog$)
[2024-08-10 18:20:27,059] INFO Created log for partition __consumer_offsets-48 in /Users/kimhyeonseo/Desktop/inflearn/golang_chat/kafka_2.12-3.8.0/logs/kafka-log/__consumer_offsets-48 with properties {cleanup.policy=compact, compression.type="producer", segment.bytes=104857600} (kafka.log.LogManager)
[2024-08-10 18:20:27,059] INFO [Partition __consumer_offsets-48 broker=0] No checkpointed highwatermark is found for partition __consumer_offsets-48 (kafka.cluster.Partition)
[2024-08-10 18:20:27,059] INFO [Partition __consumer_offsets-48 broker=0] Log loaded for partition __consumer_offsets-48 with initial high watermark 0 (kafka.cluster.Partition)
[2024-08-10 18:20:27,069] INFO [LogLoader partition=__consumer_offsets-10, dir=/Users/kimhyeonseo/Desktop/inflearn/golang_chat/kafka_2.12-3.8.0/logs/kafka-log] Loading producer state till offset 0 with message format version 2 (kafka.log.UnifiedLog$)
[2024-08-10 18:20:27,069] INFO Created log for partition __consumer_offsets-10 in /Users/kimhyeonseo/Desktop/inflearn/golang_chat/kafka_2.12-3.8.0/logs/kafka-log/__consumer_offsets-10 with properties {cleanup.policy=compact, compression.type="producer", segment.bytes=104857600} (kafka.log.LogManager)
[2024-08-10 18:20:27,069] INFO [Partition __consumer_offsets-10 broker=0] No checkpointed highwatermark is found for partition __consumer_offsets-10 (kafka.cluster.Partition)
[2024-08-10 18:20:27,070] INFO [Partition __consumer_offsets-10 broker=0] Log loaded for partition __consumer_offsets-10 with initial high watermark 0 (kafka.cluster.Partition)
[2024-08-10 18:20:27,075] INFO [LogLoader partition=__consumer_offsets-45, dir=/Users/kimhyeonseo/Desktop/inflearn/golang_chat/kafka_2.12-3.8.0/logs/kafka-log] Loading producer state till offset 0 with message format version 2 (kafka.log.UnifiedLog$)
[2024-08-10 18:20:27,075] INFO Created log for partition __consumer_offsets-45 in /Users/kimhyeonseo/Desktop/inflearn/golang_chat/kafka_2.12-3.8.0/logs/kafka-log/__consumer_offsets-45 with properties {cleanup.policy=compact, compression.type="producer", segment.bytes=104857600} (kafka.log.LogManager)
[2024-08-10 18:20:27,075] INFO [Partition __consumer_offsets-45 broker=0] No checkpointed highwatermark is found for partition __consumer_offsets-45 (kafka.cluster.Partition)
[2024-08-10 18:20:27,075] INFO [Partition __consumer_offsets-45 broker=0] Log loaded for partition __consumer_offsets-45 with initial high watermark 0 (kafka.cluster.Partition)
[2024-08-10 18:20:27,083] INFO [LogLoader partition=__consumer_offsets-26, dir=/Users/kimhyeonseo/Desktop/inflearn/golang_chat/kafka_2.12-3.8.0/logs/kafka-log] Loading producer state till offset 0 with message format version 2 (kafka.log.UnifiedLog$)
[2024-08-10 18:20:27,083] INFO Created log for partition __consumer_offsets-26 in /Users/kimhyeonseo/Desktop/inflearn/golang_chat/kafka_2.12-3.8.0/logs/kafka-log/__consumer_offsets-26 with properties {cleanup.policy=compact, compression.type="producer", segment.bytes=104857600} (kafka.log.LogManager)
[2024-08-10 18:20:27,083] INFO [Partition __consumer_offsets-26 broker=0] No checkpointed highwatermark is found for partition __consumer_offsets-26 (kafka.cluster.Partition)
[2024-08-10 18:20:27,083] INFO [Partition __consumer_offsets-26 broker=0] Log loaded for partition __consumer_offsets-26 with initial high watermark 0 (kafka.cluster.Partition)
[2024-08-10 18:20:27,090] INFO [LogLoader partition=__consumer_offsets-7, dir=/Users/kimhyeonseo/Desktop/inflearn/golang_chat/kafka_2.12-3.8.0/logs/kafka-log] Loading producer state till offset 0 with message format version 2 (kafka.log.UnifiedLog$)
[2024-08-10 18:20:27,090] INFO Created log for partition __consumer_offsets-7 in /Users/kimhyeonseo/Desktop/inflearn/golang_chat/kafka_2.12-3.8.0/logs/kafka-log/__consumer_offsets-7 with properties {cleanup.policy=compact, compression.type="producer", segment.bytes=104857600} (kafka.log.LogManager)
[2024-08-10 18:20:27,090] INFO [Partition __consumer_offsets-7 broker=0] No checkpointed highwatermark is found for partition __consumer_offsets-7 (kafka.cluster.Partition)
[2024-08-10 18:20:27,090] INFO [Partition __consumer_offsets-7 broker=0] Log loaded for partition __consumer_offsets-7 with initial high watermark 0 (kafka.cluster.Partition)
[2024-08-10 18:20:27,098] INFO [LogLoader partition=__consumer_offsets-42, dir=/Users/kimhyeonseo/Desktop/inflearn/golang_chat/kafka_2.12-3.8.0/logs/kafka-log] Loading producer state till offset 0 with message format version 2 (kafka.log.UnifiedLog$)
[2024-08-10 18:20:27,098] INFO Created log for partition __consumer_offsets-42 in /Users/kimhyeonseo/Desktop/inflearn/golang_chat/kafka_2.12-3.8.0/logs/kafka-log/__consumer_offsets-42 with properties {cleanup.policy=compact, compression.type="producer", segment.bytes=104857600} (kafka.log.LogManager)
[2024-08-10 18:20:27,098] INFO [Partition __consumer_offsets-42 broker=0] No checkpointed highwatermark is found for partition __consumer_offsets-42 (kafka.cluster.Partition)
[2024-08-10 18:20:27,098] INFO [Partition __consumer_offsets-42 broker=0] Log loaded for partition __consumer_offsets-42 with initial high watermark 0 (kafka.cluster.Partition)
[2024-08-10 18:20:27,106] INFO [LogLoader partition=__consumer_offsets-4, dir=/Users/kimhyeonseo/Desktop/inflearn/golang_chat/kafka_2.12-3.8.0/logs/kafka-log] Loading producer state till offset 0 with message format version 2 (kafka.log.UnifiedLog$)
[2024-08-10 18:20:27,106] INFO Created log for partition __consumer_offsets-4 in /Users/kimhyeonseo/Desktop/inflearn/golang_chat/kafka_2.12-3.8.0/logs/kafka-log/__consumer_offsets-4 with properties {cleanup.policy=compact, compression.type="producer", segment.bytes=104857600} (kafka.log.LogManager)
[2024-08-10 18:20:27,106] INFO [Partition __consumer_offsets-4 broker=0] No checkpointed highwatermark is found for partition __consumer_offsets-4 (kafka.cluster.Partition)
[2024-08-10 18:20:27,106] INFO [Partition __consumer_offsets-4 broker=0] Log loaded for partition __consumer_offsets-4 with initial high watermark 0 (kafka.cluster.Partition)
[2024-08-10 18:20:27,115] INFO [LogLoader partition=__consumer_offsets-23, dir=/Users/kimhyeonseo/Desktop/inflearn/golang_chat/kafka_2.12-3.8.0/logs/kafka-log] Loading producer state till offset 0 with message format version 2 (kafka.log.UnifiedLog$)
[2024-08-10 18:20:27,115] INFO Created log for partition __consumer_offsets-23 in /Users/kimhyeonseo/Desktop/inflearn/golang_chat/kafka_2.12-3.8.0/logs/kafka-log/__consumer_offsets-23 with properties {cleanup.policy=compact, compression.type="producer", segment.bytes=104857600} (kafka.log.LogManager)
[2024-08-10 18:20:27,115] INFO [Partition __consumer_offsets-23 broker=0] No checkpointed highwatermark is found for partition __consumer_offsets-23 (kafka.cluster.Partition)
[2024-08-10 18:20:27,115] INFO [Partition __consumer_offsets-23 broker=0] Log loaded for partition __consumer_offsets-23 with initial high watermark 0 (kafka.cluster.Partition)
[2024-08-10 18:20:27,123] INFO [LogLoader partition=__consumer_offsets-1, dir=/Users/kimhyeonseo/Desktop/inflearn/golang_chat/kafka_2.12-3.8.0/logs/kafka-log] Loading producer state till offset 0 with message format version 2 (kafka.log.UnifiedLog$)
[2024-08-10 18:20:27,123] INFO Created log for partition __consumer_offsets-1 in /Users/kimhyeonseo/Desktop/inflearn/golang_chat/kafka_2.12-3.8.0/logs/kafka-log/__consumer_offsets-1 with properties {cleanup.policy=compact, compression.type="producer", segment.bytes=104857600} (kafka.log.LogManager)
[2024-08-10 18:20:27,123] INFO [Partition __consumer_offsets-1 broker=0] No checkpointed highwatermark is found for partition __consumer_offsets-1 (kafka.cluster.Partition)
[2024-08-10 18:20:27,123] INFO [Partition __consumer_offsets-1 broker=0] Log loaded for partition __consumer_offsets-1 with initial high watermark 0 (kafka.cluster.Partition)
[2024-08-10 18:20:27,131] INFO [LogLoader partition=__consumer_offsets-20, dir=/Users/kimhyeonseo/Desktop/inflearn/golang_chat/kafka_2.12-3.8.0/logs/kafka-log] Loading producer state till offset 0 with message format version 2 (kafka.log.UnifiedLog$)
[2024-08-10 18:20:27,131] INFO Created log for partition __consumer_offsets-20 in /Users/kimhyeonseo/Desktop/inflearn/golang_chat/kafka_2.12-3.8.0/logs/kafka-log/__consumer_offsets-20 with properties {cleanup.policy=compact, compression.type="producer", segment.bytes=104857600} (kafka.log.LogManager)
[2024-08-10 18:20:27,131] INFO [Partition __consumer_offsets-20 broker=0] No checkpointed highwatermark is found for partition __consumer_offsets-20 (kafka.cluster.Partition)
[2024-08-10 18:20:27,131] INFO [Partition __consumer_offsets-20 broker=0] Log loaded for partition __consumer_offsets-20 with initial high watermark 0 (kafka.cluster.Partition)
[2024-08-10 18:20:27,136] INFO [LogLoader partition=__consumer_offsets-39, dir=/Users/kimhyeonseo/Desktop/inflearn/golang_chat/kafka_2.12-3.8.0/logs/kafka-log] Loading producer state till offset 0 with message format version 2 (kafka.log.UnifiedLog$)
[2024-08-10 18:20:27,136] INFO Created log for partition __consumer_offsets-39 in /Users/kimhyeonseo/Desktop/inflearn/golang_chat/kafka_2.12-3.8.0/logs/kafka-log/__consumer_offsets-39 with properties {cleanup.policy=compact, compression.type="producer", segment.bytes=104857600} (kafka.log.LogManager)
[2024-08-10 18:20:27,136] INFO [Partition __consumer_offsets-39 broker=0] No checkpointed highwatermark is found for partition __consumer_offsets-39 (kafka.cluster.Partition)
[2024-08-10 18:20:27,136] INFO [Partition __consumer_offsets-39 broker=0] Log loaded for partition __consumer_offsets-39 with initial high watermark 0 (kafka.cluster.Partition)
[2024-08-10 18:20:27,142] INFO [LogLoader partition=__consumer_offsets-17, dir=/Users/kimhyeonseo/Desktop/inflearn/golang_chat/kafka_2.12-3.8.0/logs/kafka-log] Loading producer state till offset 0 with message format version 2 (kafka.log.UnifiedLog$)
[2024-08-10 18:20:27,142] INFO Created log for partition __consumer_offsets-17 in /Users/kimhyeonseo/Desktop/inflearn/golang_chat/kafka_2.12-3.8.0/logs/kafka-log/__consumer_offsets-17 with properties {cleanup.policy=compact, compression.type="producer", segment.bytes=104857600} (kafka.log.LogManager)
[2024-08-10 18:20:27,142] INFO [Partition __consumer_offsets-17 broker=0] No checkpointed highwatermark is found for partition __consumer_offsets-17 (kafka.cluster.Partition)
[2024-08-10 18:20:27,142] INFO [Partition __consumer_offsets-17 broker=0] Log loaded for partition __consumer_offsets-17 with initial high watermark 0 (kafka.cluster.Partition)
[2024-08-10 18:20:27,149] INFO [LogLoader partition=__consumer_offsets-36, dir=/Users/kimhyeonseo/Desktop/inflearn/golang_chat/kafka_2.12-3.8.0/logs/kafka-log] Loading producer state till offset 0 with message format version 2 (kafka.log.UnifiedLog$)
[2024-08-10 18:20:27,150] INFO Created log for partition __consumer_offsets-36 in /Users/kimhyeonseo/Desktop/inflearn/golang_chat/kafka_2.12-3.8.0/logs/kafka-log/__consumer_offsets-36 with properties {cleanup.policy=compact, compression.type="producer", segment.bytes=104857600} (kafka.log.LogManager)
[2024-08-10 18:20:27,150] INFO [Partition __consumer_offsets-36 broker=0] No checkpointed highwatermark is found for partition __consumer_offsets-36 (kafka.cluster.Partition)
[2024-08-10 18:20:27,150] INFO [Partition __consumer_offsets-36 broker=0] Log loaded for partition __consumer_offsets-36 with initial high watermark 0 (kafka.cluster.Partition)
[2024-08-10 18:20:27,156] INFO [LogLoader partition=__consumer_offsets-14, dir=/Users/kimhyeonseo/Desktop/inflearn/golang_chat/kafka_2.12-3.8.0/logs/kafka-log] Loading producer state till offset 0 with message format version 2 (kafka.log.UnifiedLog$)
[2024-08-10 18:20:27,156] INFO Created log for partition __consumer_offsets-14 in /Users/kimhyeonseo/Desktop/inflearn/golang_chat/kafka_2.12-3.8.0/logs/kafka-log/__consumer_offsets-14 with properties {cleanup.policy=compact, compression.type="producer", segment.bytes=104857600} (kafka.log.LogManager)
[2024-08-10 18:20:27,156] INFO [Partition __consumer_offsets-14 broker=0] No checkpointed highwatermark is found for partition __consumer_offsets-14 (kafka.cluster.Partition)
[2024-08-10 18:20:27,156] INFO [Partition __consumer_offsets-14 broker=0] Log loaded for partition __consumer_offsets-14 with initial high watermark 0 (kafka.cluster.Partition)
[2024-08-10 18:20:27,160] INFO [LogLoader partition=__consumer_offsets-33, dir=/Users/kimhyeonseo/Desktop/inflearn/golang_chat/kafka_2.12-3.8.0/logs/kafka-log] Loading producer state till offset 0 with message format version 2 (kafka.log.UnifiedLog$)
[2024-08-10 18:20:27,160] INFO Created log for partition __consumer_offsets-33 in /Users/kimhyeonseo/Desktop/inflearn/golang_chat/kafka_2.12-3.8.0/logs/kafka-log/__consumer_offsets-33 with properties {cleanup.policy=compact, compression.type="producer", segment.bytes=104857600} (kafka.log.LogManager)
[2024-08-10 18:20:27,160] INFO [Partition __consumer_offsets-33 broker=0] No checkpointed highwatermark is found for partition __consumer_offsets-33 (kafka.cluster.Partition)
[2024-08-10 18:20:27,160] INFO [Partition __consumer_offsets-33 broker=0] Log loaded for partition __consumer_offsets-33 with initial high watermark 0 (kafka.cluster.Partition)
[2024-08-10 18:20:27,168] INFO [LogLoader partition=__consumer_offsets-49, dir=/Users/kimhyeonseo/Desktop/inflearn/golang_chat/kafka_2.12-3.8.0/logs/kafka-log] Loading producer state till offset 0 with message format version 2 (kafka.log.UnifiedLog$)
[2024-08-10 18:20:27,168] INFO Created log for partition __consumer_offsets-49 in /Users/kimhyeonseo/Desktop/inflearn/golang_chat/kafka_2.12-3.8.0/logs/kafka-log/__consumer_offsets-49 with properties {cleanup.policy=compact, compression.type="producer", segment.bytes=104857600} (kafka.log.LogManager)
[2024-08-10 18:20:27,168] INFO [Partition __consumer_offsets-49 broker=0] No checkpointed highwatermark is found for partition __consumer_offsets-49 (kafka.cluster.Partition)
[2024-08-10 18:20:27,168] INFO [Partition __consumer_offsets-49 broker=0] Log loaded for partition __consumer_offsets-49 with initial high watermark 0 (kafka.cluster.Partition)
[2024-08-10 18:20:27,176] INFO [LogLoader partition=__consumer_offsets-11, dir=/Users/kimhyeonseo/Desktop/inflearn/golang_chat/kafka_2.12-3.8.0/logs/kafka-log] Loading producer state till offset 0 with message format version 2 (kafka.log.UnifiedLog$)
[2024-08-10 18:20:27,176] INFO Created log for partition __consumer_offsets-11 in /Users/kimhyeonseo/Desktop/inflearn/golang_chat/kafka_2.12-3.8.0/logs/kafka-log/__consumer_offsets-11 with properties {cleanup.policy=compact, compression.type="producer", segment.bytes=104857600} (kafka.log.LogManager)
[2024-08-10 18:20:27,176] INFO [Partition __consumer_offsets-11 broker=0] No checkpointed highwatermark is found for partition __consumer_offsets-11 (kafka.cluster.Partition)
[2024-08-10 18:20:27,176] INFO [Partition __consumer_offsets-11 broker=0] Log loaded for partition __consumer_offsets-11 with initial high watermark 0 (kafka.cluster.Partition)
[2024-08-10 18:20:27,184] INFO [LogLoader partition=__consumer_offsets-30, dir=/Users/kimhyeonseo/Desktop/inflearn/golang_chat/kafka_2.12-3.8.0/logs/kafka-log] Loading producer state till offset 0 with message format version 2 (kafka.log.UnifiedLog$)
[2024-08-10 18:20:27,184] INFO Created log for partition __consumer_offsets-30 in /Users/kimhyeonseo/Desktop/inflearn/golang_chat/kafka_2.12-3.8.0/logs/kafka-log/__consumer_offsets-30 with properties {cleanup.policy=compact, compression.type="producer", segment.bytes=104857600} (kafka.log.LogManager)
[2024-08-10 18:20:27,184] INFO [Partition __consumer_offsets-30 broker=0] No checkpointed highwatermark is found for partition __consumer_offsets-30 (kafka.cluster.Partition)
[2024-08-10 18:20:27,184] INFO [Partition __consumer_offsets-30 broker=0] Log loaded for partition __consumer_offsets-30 with initial high watermark 0 (kafka.cluster.Partition)
[2024-08-10 18:20:27,193] INFO [LogLoader partition=__consumer_offsets-46, dir=/Users/kimhyeonseo/Desktop/inflearn/golang_chat/kafka_2.12-3.8.0/logs/kafka-log] Loading producer state till offset 0 with message format version 2 (kafka.log.UnifiedLog$)
[2024-08-10 18:20:27,193] INFO Created log for partition __consumer_offsets-46 in /Users/kimhyeonseo/Desktop/inflearn/golang_chat/kafka_2.12-3.8.0/logs/kafka-log/__consumer_offsets-46 with properties {cleanup.policy=compact, compression.type="producer", segment.bytes=104857600} (kafka.log.LogManager)
[2024-08-10 18:20:27,193] INFO [Partition __consumer_offsets-46 broker=0] No checkpointed highwatermark is found for partition __consumer_offsets-46 (kafka.cluster.Partition)
[2024-08-10 18:20:27,193] INFO [Partition __consumer_offsets-46 broker=0] Log loaded for partition __consumer_offsets-46 with initial high watermark 0 (kafka.cluster.Partition)
[2024-08-10 18:20:27,201] INFO [LogLoader partition=__consumer_offsets-27, dir=/Users/kimhyeonseo/Desktop/inflearn/golang_chat/kafka_2.12-3.8.0/logs/kafka-log] Loading producer state till offset 0 with message format version 2 (kafka.log.UnifiedLog$)
[2024-08-10 18:20:27,202] INFO Created log for partition __consumer_offsets-27 in /Users/kimhyeonseo/Desktop/inflearn/golang_chat/kafka_2.12-3.8.0/logs/kafka-log/__consumer_offsets-27 with properties {cleanup.policy=compact, compression.type="producer", segment.bytes=104857600} (kafka.log.LogManager)
[2024-08-10 18:20:27,202] INFO [Partition __consumer_offsets-27 broker=0] No checkpointed highwatermark is found for partition __consumer_offsets-27 (kafka.cluster.Partition)
[2024-08-10 18:20:27,202] INFO [Partition __consumer_offsets-27 broker=0] Log loaded for partition __consumer_offsets-27 with initial high watermark 0 (kafka.cluster.Partition)
[2024-08-10 18:20:27,210] INFO [LogLoader partition=__consumer_offsets-8, dir=/Users/kimhyeonseo/Desktop/inflearn/golang_chat/kafka_2.12-3.8.0/logs/kafka-log] Loading producer state till offset 0 with message format version 2 (kafka.log.UnifiedLog$)
[2024-08-10 18:20:27,210] INFO Created log for partition __consumer_offsets-8 in /Users/kimhyeonseo/Desktop/inflearn/golang_chat/kafka_2.12-3.8.0/logs/kafka-log/__consumer_offsets-8 with properties {cleanup.policy=compact, compression.type="producer", segment.bytes=104857600} (kafka.log.LogManager)
[2024-08-10 18:20:27,210] INFO [Partition __consumer_offsets-8 broker=0] No checkpointed highwatermark is found for partition __consumer_offsets-8 (kafka.cluster.Partition)
[2024-08-10 18:20:27,210] INFO [Partition __consumer_offsets-8 broker=0] Log loaded for partition __consumer_offsets-8 with initial high watermark 0 (kafka.cluster.Partition)
[2024-08-10 18:20:27,217] INFO [LogLoader partition=__consumer_offsets-24, dir=/Users/kimhyeonseo/Desktop/inflearn/golang_chat/kafka_2.12-3.8.0/logs/kafka-log] Loading producer state till offset 0 with message format version 2 (kafka.log.UnifiedLog$)
[2024-08-10 18:20:27,217] INFO Created log for partition __consumer_offsets-24 in /Users/kimhyeonseo/Desktop/inflearn/golang_chat/kafka_2.12-3.8.0/logs/kafka-log/__consumer_offsets-24 with properties {cleanup.policy=compact, compression.type="producer", segment.bytes=104857600} (kafka.log.LogManager)
[2024-08-10 18:20:27,217] INFO [Partition __consumer_offsets-24 broker=0] No checkpointed highwatermark is found for partition __consumer_offsets-24 (kafka.cluster.Partition)
[2024-08-10 18:20:27,217] INFO [Partition __consumer_offsets-24 broker=0] Log loaded for partition __consumer_offsets-24 with initial high watermark 0 (kafka.cluster.Partition)
[2024-08-10 18:20:27,226] INFO [LogLoader partition=__consumer_offsets-43, dir=/Users/kimhyeonseo/Desktop/inflearn/golang_chat/kafka_2.12-3.8.0/logs/kafka-log] Loading producer state till offset 0 with message format version 2 (kafka.log.UnifiedLog$)
[2024-08-10 18:20:27,226] INFO Created log for partition __consumer_offsets-43 in /Users/kimhyeonseo/Desktop/inflearn/golang_chat/kafka_2.12-3.8.0/logs/kafka-log/__consumer_offsets-43 with properties {cleanup.policy=compact, compression.type="producer", segment.bytes=104857600} (kafka.log.LogManager)
[2024-08-10 18:20:27,226] INFO [Partition __consumer_offsets-43 broker=0] No checkpointed highwatermark is found for partition __consumer_offsets-43 (kafka.cluster.Partition)
[2024-08-10 18:20:27,226] INFO [Partition __consumer_offsets-43 broker=0] Log loaded for partition __consumer_offsets-43 with initial high watermark 0 (kafka.cluster.Partition)
[2024-08-10 18:20:27,233] INFO [LogLoader partition=__consumer_offsets-5, dir=/Users/kimhyeonseo/Desktop/inflearn/golang_chat/kafka_2.12-3.8.0/logs/kafka-log] Loading producer state till offset 0 with message format version 2 (kafka.log.UnifiedLog$)
[2024-08-10 18:20:27,233] INFO Created log for partition __consumer_offsets-5 in /Users/kimhyeonseo/Desktop/inflearn/golang_chat/kafka_2.12-3.8.0/logs/kafka-log/__consumer_offsets-5 with properties {cleanup.policy=compact, compression.type="producer", segment.bytes=104857600} (kafka.log.LogManager)
[2024-08-10 18:20:27,233] INFO [Partition __consumer_offsets-5 broker=0] No checkpointed highwatermark is found for partition __consumer_offsets-5 (kafka.cluster.Partition)
[2024-08-10 18:20:27,233] INFO [Partition __consumer_offsets-5 broker=0] Log loaded for partition __consumer_offsets-5 with initial high watermark 0 (kafka.cluster.Partition)
[2024-08-10 18:20:27,240] INFO [LogLoader partition=__consumer_offsets-21, dir=/Users/kimhyeonseo/Desktop/inflearn/golang_chat/kafka_2.12-3.8.0/logs/kafka-log] Loading producer state till offset 0 with message format version 2 (kafka.log.UnifiedLog$)
[2024-08-10 18:20:27,240] INFO Created log for partition __consumer_offsets-21 in /Users/kimhyeonseo/Desktop/inflearn/golang_chat/kafka_2.12-3.8.0/logs/kafka-log/__consumer_offsets-21 with properties {cleanup.policy=compact, compression.type="producer", segment.bytes=104857600} (kafka.log.LogManager)
[2024-08-10 18:20:27,240] INFO [Partition __consumer_offsets-21 broker=0] No checkpointed highwatermark is found for partition __consumer_offsets-21 (kafka.cluster.Partition)
[2024-08-10 18:20:27,240] INFO [Partition __consumer_offsets-21 broker=0] Log loaded for partition __consumer_offsets-21 with initial high watermark 0 (kafka.cluster.Partition)
[2024-08-10 18:20:27,249] INFO [LogLoader partition=__consumer_offsets-40, dir=/Users/kimhyeonseo/Desktop/inflearn/golang_chat/kafka_2.12-3.8.0/logs/kafka-log] Loading producer state till offset 0 with message format version 2 (kafka.log.UnifiedLog$)
[2024-08-10 18:20:27,249] INFO Created log for partition __consumer_offsets-40 in /Users/kimhyeonseo/Desktop/inflearn/golang_chat/kafka_2.12-3.8.0/logs/kafka-log/__consumer_offsets-40 with properties {cleanup.policy=compact, compression.type="producer", segment.bytes=104857600} (kafka.log.LogManager)
[2024-08-10 18:20:27,249] INFO [Partition __consumer_offsets-40 broker=0] No checkpointed highwatermark is found for partition __consumer_offsets-40 (kafka.cluster.Partition)
[2024-08-10 18:20:27,249] INFO [Partition __consumer_offsets-40 broker=0] Log loaded for partition __consumer_offsets-40 with initial high watermark 0 (kafka.cluster.Partition)
[2024-08-10 18:20:27,261] INFO [LogLoader partition=__consumer_offsets-2, dir=/Users/kimhyeonseo/Desktop/inflearn/golang_chat/kafka_2.12-3.8.0/logs/kafka-log] Loading producer state till offset 0 with message format version 2 (kafka.log.UnifiedLog$)
[2024-08-10 18:20:27,261] INFO Created log for partition __consumer_offsets-2 in /Users/kimhyeonseo/Desktop/inflearn/golang_chat/kafka_2.12-3.8.0/logs/kafka-log/__consumer_offsets-2 with properties {cleanup.policy=compact, compression.type="producer", segment.bytes=104857600} (kafka.log.LogManager)
[2024-08-10 18:20:27,261] INFO [Partition __consumer_offsets-2 broker=0] No checkpointed highwatermark is found for partition __consumer_offsets-2 (kafka.cluster.Partition)
[2024-08-10 18:20:27,261] INFO [Partition __consumer_offsets-2 broker=0] Log loaded for partition __consumer_offsets-2 with initial high watermark 0 (kafka.cluster.Partition)
[2024-08-10 18:20:27,266] INFO [LogLoader partition=__consumer_offsets-37, dir=/Users/kimhyeonseo/Desktop/inflearn/golang_chat/kafka_2.12-3.8.0/logs/kafka-log] Loading producer state till offset 0 with message format version 2 (kafka.log.UnifiedLog$)
[2024-08-10 18:20:27,266] INFO Created log for partition __consumer_offsets-37 in /Users/kimhyeonseo/Desktop/inflearn/golang_chat/kafka_2.12-3.8.0/logs/kafka-log/__consumer_offsets-37 with properties {cleanup.policy=compact, compression.type="producer", segment.bytes=104857600} (kafka.log.LogManager)
[2024-08-10 18:20:27,266] INFO [Partition __consumer_offsets-37 broker=0] No checkpointed highwatermark is found for partition __consumer_offsets-37 (kafka.cluster.Partition)
[2024-08-10 18:20:27,266] INFO [Partition __consumer_offsets-37 broker=0] Log loaded for partition __consumer_offsets-37 with initial high watermark 0 (kafka.cluster.Partition)
[2024-08-10 18:20:27,274] INFO [LogLoader partition=__consumer_offsets-18, dir=/Users/kimhyeonseo/Desktop/inflearn/golang_chat/kafka_2.12-3.8.0/logs/kafka-log] Loading producer state till offset 0 with message format version 2 (kafka.log.UnifiedLog$)
[2024-08-10 18:20:27,274] INFO Created log for partition __consumer_offsets-18 in /Users/kimhyeonseo/Desktop/inflearn/golang_chat/kafka_2.12-3.8.0/logs/kafka-log/__consumer_offsets-18 with properties {cleanup.policy=compact, compression.type="producer", segment.bytes=104857600} (kafka.log.LogManager)
[2024-08-10 18:20:27,274] INFO [Partition __consumer_offsets-18 broker=0] No checkpointed highwatermark is found for partition __consumer_offsets-18 (kafka.cluster.Partition)
[2024-08-10 18:20:27,274] INFO [Partition __consumer_offsets-18 broker=0] Log loaded for partition __consumer_offsets-18 with initial high watermark 0 (kafka.cluster.Partition)
[2024-08-10 18:20:27,281] INFO [LogLoader partition=__consumer_offsets-34, dir=/Users/kimhyeonseo/Desktop/inflearn/golang_chat/kafka_2.12-3.8.0/logs/kafka-log] Loading producer state till offset 0 with message format version 2 (kafka.log.UnifiedLog$)
[2024-08-10 18:20:27,281] INFO Created log for partition __consumer_offsets-34 in /Users/kimhyeonseo/Desktop/inflearn/golang_chat/kafka_2.12-3.8.0/logs/kafka-log/__consumer_offsets-34 with properties {cleanup.policy=compact, compression.type="producer", segment.bytes=104857600} (kafka.log.LogManager)
[2024-08-10 18:20:27,281] INFO [Partition __consumer_offsets-34 broker=0] No checkpointed highwatermark is found for partition __consumer_offsets-34 (kafka.cluster.Partition)
[2024-08-10 18:20:27,281] INFO [Partition __consumer_offsets-34 broker=0] Log loaded for partition __consumer_offsets-34 with initial high watermark 0 (kafka.cluster.Partition)
[2024-08-10 18:20:27,288] INFO [LogLoader partition=__consumer_offsets-15, dir=/Users/kimhyeonseo/Desktop/inflearn/golang_chat/kafka_2.12-3.8.0/logs/kafka-log] Loading producer state till offset 0 with message format version 2 (kafka.log.UnifiedLog$)
[2024-08-10 18:20:27,288] INFO Created log for partition __consumer_offsets-15 in /Users/kimhyeonseo/Desktop/inflearn/golang_chat/kafka_2.12-3.8.0/logs/kafka-log/__consumer_offsets-15 with properties {cleanup.policy=compact, compression.type="producer", segment.bytes=104857600} (kafka.log.LogManager)
[2024-08-10 18:20:27,288] INFO [Partition __consumer_offsets-15 broker=0] No checkpointed highwatermark is found for partition __consumer_offsets-15 (kafka.cluster.Partition)
[2024-08-10 18:20:27,288] INFO [Partition __consumer_offsets-15 broker=0] Log loaded for partition __consumer_offsets-15 with initial high watermark 0 (kafka.cluster.Partition)
[2024-08-10 18:20:27,295] INFO [LogLoader partition=__consumer_offsets-12, dir=/Users/kimhyeonseo/Desktop/inflearn/golang_chat/kafka_2.12-3.8.0/logs/kafka-log] Loading producer state till offset 0 with message format version 2 (kafka.log.UnifiedLog$)
[2024-08-10 18:20:27,296] INFO Created log for partition __consumer_offsets-12 in /Users/kimhyeonseo/Desktop/inflearn/golang_chat/kafka_2.12-3.8.0/logs/kafka-log/__consumer_offsets-12 with properties {cleanup.policy=compact, compression.type="producer", segment.bytes=104857600} (kafka.log.LogManager)
[2024-08-10 18:20:27,296] INFO [Partition __consumer_offsets-12 broker=0] No checkpointed highwatermark is found for partition __consumer_offsets-12 (kafka.cluster.Partition)
[2024-08-10 18:20:27,296] INFO [Partition __consumer_offsets-12 broker=0] Log loaded for partition __consumer_offsets-12 with initial high watermark 0 (kafka.cluster.Partition)
[2024-08-10 18:20:27,303] INFO [LogLoader partition=__consumer_offsets-31, dir=/Users/kimhyeonseo/Desktop/inflearn/golang_chat/kafka_2.12-3.8.0/logs/kafka-log] Loading producer state till offset 0 with message format version 2 (kafka.log.UnifiedLog$)
[2024-08-10 18:20:27,304] INFO Created log for partition __consumer_offsets-31 in /Users/kimhyeonseo/Desktop/inflearn/golang_chat/kafka_2.12-3.8.0/logs/kafka-log/__consumer_offsets-31 with properties {cleanup.policy=compact, compression.type="producer", segment.bytes=104857600} (kafka.log.LogManager)
[2024-08-10 18:20:27,304] INFO [Partition __consumer_offsets-31 broker=0] No checkpointed highwatermark is found for partition __consumer_offsets-31 (kafka.cluster.Partition)
[2024-08-10 18:20:27,304] INFO [Partition __consumer_offsets-31 broker=0] Log loaded for partition __consumer_offsets-31 with initial high watermark 0 (kafka.cluster.Partition)
[2024-08-10 18:20:27,311] INFO [LogLoader partition=__consumer_offsets-9, dir=/Users/kimhyeonseo/Desktop/inflearn/golang_chat/kafka_2.12-3.8.0/logs/kafka-log] Loading producer state till offset 0 with message format version 2 (kafka.log.UnifiedLog$)
[2024-08-10 18:20:27,311] INFO Created log for partition __consumer_offsets-9 in /Users/kimhyeonseo/Desktop/inflearn/golang_chat/kafka_2.12-3.8.0/logs/kafka-log/__consumer_offsets-9 with properties {cleanup.policy=compact, compression.type="producer", segment.bytes=104857600} (kafka.log.LogManager)
[2024-08-10 18:20:27,311] INFO [Partition __consumer_offsets-9 broker=0] No checkpointed highwatermark is found for partition __consumer_offsets-9 (kafka.cluster.Partition)
[2024-08-10 18:20:27,312] INFO [Partition __consumer_offsets-9 broker=0] Log loaded for partition __consumer_offsets-9 with initial high watermark 0 (kafka.cluster.Partition)
[2024-08-10 18:20:27,321] INFO [LogLoader partition=__consumer_offsets-47, dir=/Users/kimhyeonseo/Desktop/inflearn/golang_chat/kafka_2.12-3.8.0/logs/kafka-log] Loading producer state till offset 0 with message format version 2 (kafka.log.UnifiedLog$)
[2024-08-10 18:20:27,321] INFO Created log for partition __consumer_offsets-47 in /Users/kimhyeonseo/Desktop/inflearn/golang_chat/kafka_2.12-3.8.0/logs/kafka-log/__consumer_offsets-47 with properties {cleanup.policy=compact, compression.type="producer", segment.bytes=104857600} (kafka.log.LogManager)
[2024-08-10 18:20:27,321] INFO [Partition __consumer_offsets-47 broker=0] No checkpointed highwatermark is found for partition __consumer_offsets-47 (kafka.cluster.Partition)
[2024-08-10 18:20:27,321] INFO [Partition __consumer_offsets-47 broker=0] Log loaded for partition __consumer_offsets-47 with initial high watermark 0 (kafka.cluster.Partition)
[2024-08-10 18:20:27,329] INFO [LogLoader partition=__consumer_offsets-19, dir=/Users/kimhyeonseo/Desktop/inflearn/golang_chat/kafka_2.12-3.8.0/logs/kafka-log] Loading producer state till offset 0 with message format version 2 (kafka.log.UnifiedLog$)
[2024-08-10 18:20:27,330] INFO Created log for partition __consumer_offsets-19 in /Users/kimhyeonseo/Desktop/inflearn/golang_chat/kafka_2.12-3.8.0/logs/kafka-log/__consumer_offsets-19 with properties {cleanup.policy=compact, compression.type="producer", segment.bytes=104857600} (kafka.log.LogManager)
[2024-08-10 18:20:27,330] INFO [Partition __consumer_offsets-19 broker=0] No checkpointed highwatermark is found for partition __consumer_offsets-19 (kafka.cluster.Partition)
[2024-08-10 18:20:27,330] INFO [Partition __consumer_offsets-19 broker=0] Log loaded for partition __consumer_offsets-19 with initial high watermark 0 (kafka.cluster.Partition)
[2024-08-10 18:20:27,337] INFO [LogLoader partition=__consumer_offsets-28, dir=/Users/kimhyeonseo/Desktop/inflearn/golang_chat/kafka_2.12-3.8.0/logs/kafka-log] Loading producer state till offset 0 with message format version 2 (kafka.log.UnifiedLog$)
[2024-08-10 18:20:27,337] INFO Created log for partition __consumer_offsets-28 in /Users/kimhyeonseo/Desktop/inflearn/golang_chat/kafka_2.12-3.8.0/logs/kafka-log/__consumer_offsets-28 with properties {cleanup.policy=compact, compression.type="producer", segment.bytes=104857600} (kafka.log.LogManager)
[2024-08-10 18:20:27,337] INFO [Partition __consumer_offsets-28 broker=0] No checkpointed highwatermark is found for partition __consumer_offsets-28 (kafka.cluster.Partition)
[2024-08-10 18:20:27,337] INFO [Partition __consumer_offsets-28 broker=0] Log loaded for partition __consumer_offsets-28 with initial high watermark 0 (kafka.cluster.Partition)
[2024-08-10 18:20:27,344] INFO [LogLoader partition=__consumer_offsets-38, dir=/Users/kimhyeonseo/Desktop/inflearn/golang_chat/kafka_2.12-3.8.0/logs/kafka-log] Loading producer state till offset 0 with message format version 2 (kafka.log.UnifiedLog$)
[2024-08-10 18:20:27,345] INFO Created log for partition __consumer_offsets-38 in /Users/kimhyeonseo/Desktop/inflearn/golang_chat/kafka_2.12-3.8.0/logs/kafka-log/__consumer_offsets-38 with properties {cleanup.policy=compact, compression.type="producer", segment.bytes=104857600} (kafka.log.LogManager)
[2024-08-10 18:20:27,345] INFO [Partition __consumer_offsets-38 broker=0] No checkpointed highwatermark is found for partition __consumer_offsets-38 (kafka.cluster.Partition)
[2024-08-10 18:20:27,345] INFO [Partition __consumer_offsets-38 broker=0] Log loaded for partition __consumer_offsets-38 with initial high watermark 0 (kafka.cluster.Partition)
[2024-08-10 18:20:27,352] INFO [LogLoader partition=__consumer_offsets-35, dir=/Users/kimhyeonseo/Desktop/inflearn/golang_chat/kafka_2.12-3.8.0/logs/kafka-log] Loading producer state till offset 0 with message format version 2 (kafka.log.UnifiedLog$)
[2024-08-10 18:20:27,353] INFO Created log for partition __consumer_offsets-35 in /Users/kimhyeonseo/Desktop/inflearn/golang_chat/kafka_2.12-3.8.0/logs/kafka-log/__consumer_offsets-35 with properties {cleanup.policy=compact, compression.type="producer", segment.bytes=104857600} (kafka.log.LogManager)
[2024-08-10 18:20:27,353] INFO [Partition __consumer_offsets-35 broker=0] No checkpointed highwatermark is found for partition __consumer_offsets-35 (kafka.cluster.Partition)
[2024-08-10 18:20:27,353] INFO [Partition __consumer_offsets-35 broker=0] Log loaded for partition __consumer_offsets-35 with initial high watermark 0 (kafka.cluster.Partition)
[2024-08-10 18:20:27,363] INFO [LogLoader partition=__consumer_offsets-6, dir=/Users/kimhyeonseo/Desktop/inflearn/golang_chat/kafka_2.12-3.8.0/logs/kafka-log] Loading producer state till offset 0 with message format version 2 (kafka.log.UnifiedLog$)
[2024-08-10 18:20:27,363] INFO Created log for partition __consumer_offsets-6 in /Users/kimhyeonseo/Desktop/inflearn/golang_chat/kafka_2.12-3.8.0/logs/kafka-log/__consumer_offsets-6 with properties {cleanup.policy=compact, compression.type="producer", segment.bytes=104857600} (kafka.log.LogManager)
[2024-08-10 18:20:27,363] INFO [Partition __consumer_offsets-6 broker=0] No checkpointed highwatermark is found for partition __consumer_offsets-6 (kafka.cluster.Partition)
[2024-08-10 18:20:27,363] INFO [Partition __consumer_offsets-6 broker=0] Log loaded for partition __consumer_offsets-6 with initial high watermark 0 (kafka.cluster.Partition)
[2024-08-10 18:20:27,371] INFO [LogLoader partition=__consumer_offsets-44, dir=/Users/kimhyeonseo/Desktop/inflearn/golang_chat/kafka_2.12-3.8.0/logs/kafka-log] Loading producer state till offset 0 with message format version 2 (kafka.log.UnifiedLog$)
[2024-08-10 18:20:27,371] INFO Created log for partition __consumer_offsets-44 in /Users/kimhyeonseo/Desktop/inflearn/golang_chat/kafka_2.12-3.8.0/logs/kafka-log/__consumer_offsets-44 with properties {cleanup.policy=compact, compression.type="producer", segment.bytes=104857600} (kafka.log.LogManager)
[2024-08-10 18:20:27,371] INFO [Partition __consumer_offsets-44 broker=0] No checkpointed highwatermark is found for partition __consumer_offsets-44 (kafka.cluster.Partition)
[2024-08-10 18:20:27,371] INFO [Partition __consumer_offsets-44 broker=0] Log loaded for partition __consumer_offsets-44 with initial high watermark 0 (kafka.cluster.Partition)
[2024-08-10 18:20:27,378] INFO [LogLoader partition=__consumer_offsets-25, dir=/Users/kimhyeonseo/Desktop/inflearn/golang_chat/kafka_2.12-3.8.0/logs/kafka-log] Loading producer state till offset 0 with message format version 2 (kafka.log.UnifiedLog$)
[2024-08-10 18:20:27,379] INFO Created log for partition __consumer_offsets-25 in /Users/kimhyeonseo/Desktop/inflearn/golang_chat/kafka_2.12-3.8.0/logs/kafka-log/__consumer_offsets-25 with properties {cleanup.policy=compact, compression.type="producer", segment.bytes=104857600} (kafka.log.LogManager)
[2024-08-10 18:20:27,379] INFO [Partition __consumer_offsets-25 broker=0] No checkpointed highwatermark is found for partition __consumer_offsets-25 (kafka.cluster.Partition)
[2024-08-10 18:20:27,379] INFO [Partition __consumer_offsets-25 broker=0] Log loaded for partition __consumer_offsets-25 with initial high watermark 0 (kafka.cluster.Partition)
[2024-08-10 18:20:27,387] INFO [LogLoader partition=__consumer_offsets-16, dir=/Users/kimhyeonseo/Desktop/inflearn/golang_chat/kafka_2.12-3.8.0/logs/kafka-log] Loading producer state till offset 0 with message format version 2 (kafka.log.UnifiedLog$)
[2024-08-10 18:20:27,389] INFO Created log for partition __consumer_offsets-16 in /Users/kimhyeonseo/Desktop/inflearn/golang_chat/kafka_2.12-3.8.0/logs/kafka-log/__consumer_offsets-16 with properties {cleanup.policy=compact, compression.type="producer", segment.bytes=104857600} (kafka.log.LogManager)
[2024-08-10 18:20:27,389] INFO [Partition __consumer_offsets-16 broker=0] No checkpointed highwatermark is found for partition __consumer_offsets-16 (kafka.cluster.Partition)
[2024-08-10 18:20:27,389] INFO [Partition __consumer_offsets-16 broker=0] Log loaded for partition __consumer_offsets-16 with initial high watermark 0 (kafka.cluster.Partition)
[2024-08-10 18:20:27,397] INFO [LogLoader partition=__consumer_offsets-22, dir=/Users/kimhyeonseo/Desktop/inflearn/golang_chat/kafka_2.12-3.8.0/logs/kafka-log] Loading producer state till offset 0 with message format version 2 (kafka.log.UnifiedLog$)
[2024-08-10 18:20:27,397] INFO Created log for partition __consumer_offsets-22 in /Users/kimhyeonseo/Desktop/inflearn/golang_chat/kafka_2.12-3.8.0/logs/kafka-log/__consumer_offsets-22 with properties {cleanup.policy=compact, compression.type="producer", segment.bytes=104857600} (kafka.log.LogManager)
[2024-08-10 18:20:27,398] INFO [Partition __consumer_offsets-22 broker=0] No checkpointed highwatermark is found for partition __consumer_offsets-22 (kafka.cluster.Partition)
[2024-08-10 18:20:27,398] INFO [Partition __consumer_offsets-22 broker=0] Log loaded for partition __consumer_offsets-22 with initial high watermark 0 (kafka.cluster.Partition)
[2024-08-10 18:20:27,406] INFO [LogLoader partition=__consumer_offsets-41, dir=/Users/kimhyeonseo/Desktop/inflearn/golang_chat/kafka_2.12-3.8.0/logs/kafka-log] Loading producer state till offset 0 with message format version 2 (kafka.log.UnifiedLog$)
[2024-08-10 18:20:27,406] INFO Created log for partition __consumer_offsets-41 in /Users/kimhyeonseo/Desktop/inflearn/golang_chat/kafka_2.12-3.8.0/logs/kafka-log/__consumer_offsets-41 with properties {cleanup.policy=compact, compression.type="producer", segment.bytes=104857600} (kafka.log.LogManager)
[2024-08-10 18:20:27,406] INFO [Partition __consumer_offsets-41 broker=0] No checkpointed highwatermark is found for partition __consumer_offsets-41 (kafka.cluster.Partition)
[2024-08-10 18:20:27,406] INFO [Partition __consumer_offsets-41 broker=0] Log loaded for partition __consumer_offsets-41 with initial high watermark 0 (kafka.cluster.Partition)
[2024-08-10 18:20:27,414] INFO [LogLoader partition=__consumer_offsets-32, dir=/Users/kimhyeonseo/Desktop/inflearn/golang_chat/kafka_2.12-3.8.0/logs/kafka-log] Loading producer state till offset 0 with message format version 2 (kafka.log.UnifiedLog$)
[2024-08-10 18:20:27,415] INFO Created log for partition __consumer_offsets-32 in /Users/kimhyeonseo/Desktop/inflearn/golang_chat/kafka_2.12-3.8.0/logs/kafka-log/__consumer_offsets-32 with properties {cleanup.policy=compact, compression.type="producer", segment.bytes=104857600} (kafka.log.LogManager)
[2024-08-10 18:20:27,415] INFO [Partition __consumer_offsets-32 broker=0] No checkpointed highwatermark is found for partition __consumer_offsets-32 (kafka.cluster.Partition)
[2024-08-10 18:20:27,415] INFO [Partition __consumer_offsets-32 broker=0] Log loaded for partition __consumer_offsets-32 with initial high watermark 0 (kafka.cluster.Partition)
[2024-08-10 18:20:27,422] INFO [LogLoader partition=__consumer_offsets-3, dir=/Users/kimhyeonseo/Desktop/inflearn/golang_chat/kafka_2.12-3.8.0/logs/kafka-log] Loading producer state till offset 0 with message format version 2 (kafka.log.UnifiedLog$)
[2024-08-10 18:20:27,423] INFO Created log for partition __consumer_offsets-3 in /Users/kimhyeonseo/Desktop/inflearn/golang_chat/kafka_2.12-3.8.0/logs/kafka-log/__consumer_offsets-3 with properties {cleanup.policy=compact, compression.type="producer", segment.bytes=104857600} (kafka.log.LogManager)
[2024-08-10 18:20:27,423] INFO [Partition __consumer_offsets-3 broker=0] No checkpointed highwatermark is found for partition __consumer_offsets-3 (kafka.cluster.Partition)
[2024-08-10 18:20:27,423] INFO [Partition __consumer_offsets-3 broker=0] Log loaded for partition __consumer_offsets-3 with initial high watermark 0 (kafka.cluster.Partition)
[2024-08-10 18:20:27,428] INFO [LogLoader partition=__consumer_offsets-13, dir=/Users/kimhyeonseo/Desktop/inflearn/golang_chat/kafka_2.12-3.8.0/logs/kafka-log] Loading producer state till offset 0 with message format version 2 (kafka.log.UnifiedLog$)
[2024-08-10 18:20:27,429] INFO Created log for partition __consumer_offsets-13 in /Users/kimhyeonseo/Desktop/inflearn/golang_chat/kafka_2.12-3.8.0/logs/kafka-log/__consumer_offsets-13 with properties {cleanup.policy=compact, compression.type="producer", segment.bytes=104857600} (kafka.log.LogManager)
[2024-08-10 18:20:27,429] INFO [Partition __consumer_offsets-13 broker=0] No checkpointed highwatermark is found for partition __consumer_offsets-13 (kafka.cluster.Partition)
[2024-08-10 18:20:27,429] INFO [Partition __consumer_offsets-13 broker=0] Log loaded for partition __consumer_offsets-13 with initial high watermark 0 (kafka.cluster.Partition)
[2024-08-10 18:20:27,436] INFO [GroupCoordinator 0]: Elected as the group coordinator for partition 22 in epoch 0 (kafka.coordinator.group.GroupCoordinator)
[2024-08-10 18:20:27,436] INFO [GroupMetadataManager brokerId=0] Scheduling loading of offsets and group metadata from __consumer_offsets-22 for epoch 0 (kafka.coordinator.group.GroupMetadataManager)
[2024-08-10 18:20:27,437] INFO [GroupCoordinator 0]: Elected as the group coordinator for partition 25 in epoch 0 (kafka.coordinator.group.GroupCoordinator)
[2024-08-10 18:20:27,437] INFO [GroupMetadataManager brokerId=0] Scheduling loading of offsets and group metadata from __consumer_offsets-25 for epoch 0 (kafka.coordinator.group.GroupMetadataManager)
[2024-08-10 18:20:27,437] INFO [GroupCoordinator 0]: Elected as the group coordinator for partition 28 in epoch 0 (kafka.coordinator.group.GroupCoordinator)
[2024-08-10 18:20:27,437] INFO [GroupMetadataManager brokerId=0] Scheduling loading of offsets and group metadata from __consumer_offsets-28 for epoch 0 (kafka.coordinator.group.GroupMetadataManager)
[2024-08-10 18:20:27,437] INFO [GroupCoordinator 0]: Elected as the group coordinator for partition 31 in epoch 0 (kafka.coordinator.group.GroupCoordinator)
[2024-08-10 18:20:27,437] INFO [GroupMetadataManager brokerId=0] Scheduling loading of offsets and group metadata from __consumer_offsets-31 for epoch 0 (kafka.coordinator.group.GroupMetadataManager)
[2024-08-10 18:20:27,437] INFO [GroupCoordinator 0]: Elected as the group coordinator for partition 34 in epoch 0 (kafka.coordinator.group.GroupCoordinator)
[2024-08-10 18:20:27,437] INFO [GroupMetadataManager brokerId=0] Scheduling loading of offsets and group metadata from __consumer_offsets-34 for epoch 0 (kafka.coordinator.group.GroupMetadataManager)
[2024-08-10 18:20:27,437] INFO [GroupCoordinator 0]: Elected as the group coordinator for partition 37 in epoch 0 (kafka.coordinator.group.GroupCoordinator)
[2024-08-10 18:20:27,437] INFO [GroupMetadataManager brokerId=0] Scheduling loading of offsets and group metadata from __consumer_offsets-37 for epoch 0 (kafka.coordinator.group.GroupMetadataManager)
[2024-08-10 18:20:27,437] INFO [GroupCoordinator 0]: Elected as the group coordinator for partition 40 in epoch 0 (kafka.coordinator.group.GroupCoordinator)
[2024-08-10 18:20:27,437] INFO [GroupMetadataManager brokerId=0] Scheduling loading of offsets and group metadata from __consumer_offsets-40 for epoch 0 (kafka.coordinator.group.GroupMetadataManager)
[2024-08-10 18:20:27,437] INFO [GroupCoordinator 0]: Elected as the group coordinator for partition 43 in epoch 0 (kafka.coordinator.group.GroupCoordinator)
[2024-08-10 18:20:27,437] INFO [GroupMetadataManager brokerId=0] Scheduling loading of offsets and group metadata from __consumer_offsets-43 for epoch 0 (kafka.coordinator.group.GroupMetadataManager)
[2024-08-10 18:20:27,437] INFO [GroupCoordinator 0]: Elected as the group coordinator for partition 46 in epoch 0 (kafka.coordinator.group.GroupCoordinator)
[2024-08-10 18:20:27,437] INFO [GroupMetadataManager brokerId=0] Scheduling loading of offsets and group metadata from __consumer_offsets-46 for epoch 0 (kafka.coordinator.group.GroupMetadataManager)
[2024-08-10 18:20:27,437] INFO [GroupCoordinator 0]: Elected as the group coordinator for partition 49 in epoch 0 (kafka.coordinator.group.GroupCoordinator)
[2024-08-10 18:20:27,437] INFO [GroupMetadataManager brokerId=0] Scheduling loading of offsets and group metadata from __consumer_offsets-49 for epoch 0 (kafka.coordinator.group.GroupMetadataManager)
[2024-08-10 18:20:27,437] INFO [GroupCoordinator 0]: Elected as the group coordinator for partition 41 in epoch 0 (kafka.coordinator.group.GroupCoordinator)
[2024-08-10 18:20:27,437] INFO [GroupMetadataManager brokerId=0] Scheduling loading of offsets and group metadata from __consumer_offsets-41 for epoch 0 (kafka.coordinator.group.GroupMetadataManager)
[2024-08-10 18:20:27,437] INFO [GroupCoordinator 0]: Elected as the group coordinator for partition 44 in epoch 0 (kafka.coordinator.group.GroupCoordinator)
[2024-08-10 18:20:27,437] INFO [GroupMetadataManager brokerId=0] Scheduling loading of offsets and group metadata from __consumer_offsets-44 for epoch 0 (kafka.coordinator.group.GroupMetadataManager)
[2024-08-10 18:20:27,437] INFO [GroupCoordinator 0]: Elected as the group coordinator for partition 47 in epoch 0 (kafka.coordinator.group.GroupCoordinator)
[2024-08-10 18:20:27,437] INFO [GroupMetadataManager brokerId=0] Scheduling loading of offsets and group metadata from __consumer_offsets-47 for epoch 0 (kafka.coordinator.group.GroupMetadataManager)
[2024-08-10 18:20:27,437] INFO [GroupCoordinator 0]: Elected as the group coordinator for partition 1 in epoch 0 (kafka.coordinator.group.GroupCoordinator)
[2024-08-10 18:20:27,437] INFO [GroupMetadataManager brokerId=0] Scheduling loading of offsets and group metadata from __consumer_offsets-1 for epoch 0 (kafka.coordinator.group.GroupMetadataManager)
[2024-08-10 18:20:27,437] INFO [GroupCoordinator 0]: Elected as the group coordinator for partition 4 in epoch 0 (kafka.coordinator.group.GroupCoordinator)
[2024-08-10 18:20:27,437] INFO [GroupMetadataManager brokerId=0] Scheduling loading of offsets and group metadata from __consumer_offsets-4 for epoch 0 (kafka.coordinator.group.GroupMetadataManager)
[2024-08-10 18:20:27,437] INFO [GroupCoordinator 0]: Elected as the group coordinator for partition 7 in epoch 0 (kafka.coordinator.group.GroupCoordinator)
[2024-08-10 18:20:27,437] INFO [GroupMetadataManager brokerId=0] Scheduling loading of offsets and group metadata from __consumer_offsets-7 for epoch 0 (kafka.coordinator.group.GroupMetadataManager)
[2024-08-10 18:20:27,437] INFO [GroupCoordinator 0]: Elected as the group coordinator for partition 10 in epoch 0 (kafka.coordinator.group.GroupCoordinator)
[2024-08-10 18:20:27,437] INFO [GroupMetadataManager brokerId=0] Scheduling loading of offsets and group metadata from __consumer_offsets-10 for epoch 0 (kafka.coordinator.group.GroupMetadataManager)
[2024-08-10 18:20:27,437] INFO [GroupCoordinator 0]: Elected as the group coordinator for partition 13 in epoch 0 (kafka.coordinator.group.GroupCoordinator)
[2024-08-10 18:20:27,437] INFO [GroupMetadataManager brokerId=0] Scheduling loading of offsets and group metadata from __consumer_offsets-13 for epoch 0 (kafka.coordinator.group.GroupMetadataManager)
[2024-08-10 18:20:27,437] INFO [GroupCoordinator 0]: Elected as the group coordinator for partition 16 in epoch 0 (kafka.coordinator.group.GroupCoordinator)
[2024-08-10 18:20:27,437] INFO [GroupMetadataManager brokerId=0] Scheduling loading of offsets and group metadata from __consumer_offsets-16 for epoch 0 (kafka.coordinator.group.GroupMetadataManager)
[2024-08-10 18:20:27,437] INFO [GroupCoordinator 0]: Elected as the group coordinator for partition 19 in epoch 0 (kafka.coordinator.group.GroupCoordinator)
[2024-08-10 18:20:27,437] INFO [GroupMetadataManager brokerId=0] Scheduling loading of offsets and group metadata from __consumer_offsets-19 for epoch 0 (kafka.coordinator.group.GroupMetadataManager)
[2024-08-10 18:20:27,437] INFO [GroupCoordinator 0]: Elected as the group coordinator for partition 2 in epoch 0 (kafka.coordinator.group.GroupCoordinator)
[2024-08-10 18:20:27,437] INFO [GroupMetadataManager brokerId=0] Scheduling loading of offsets and group metadata from __consumer_offsets-2 for epoch 0 (kafka.coordinator.group.GroupMetadataManager)
[2024-08-10 18:20:27,437] INFO [GroupCoordinator 0]: Elected as the group coordinator for partition 5 in epoch 0 (kafka.coordinator.group.GroupCoordinator)
[2024-08-10 18:20:27,437] INFO [GroupMetadataManager brokerId=0] Scheduling loading of offsets and group metadata from __consumer_offsets-5 for epoch 0 (kafka.coordinator.group.GroupMetadataManager)
[2024-08-10 18:20:27,437] INFO [GroupCoordinator 0]: Elected as the group coordinator for partition 8 in epoch 0 (kafka.coordinator.group.GroupCoordinator)
[2024-08-10 18:20:27,437] INFO [GroupMetadataManager brokerId=0] Scheduling loading of offsets and group metadata from __consumer_offsets-8 for epoch 0 (kafka.coordinator.group.GroupMetadataManager)
[2024-08-10 18:20:27,437] INFO [GroupCoordinator 0]: Elected as the group coordinator for partition 11 in epoch 0 (kafka.coordinator.group.GroupCoordinator)
[2024-08-10 18:20:27,437] INFO [GroupMetadataManager brokerId=0] Scheduling loading of offsets and group metadata from __consumer_offsets-11 for epoch 0 (kafka.coordinator.group.GroupMetadataManager)
[2024-08-10 18:20:27,437] INFO [GroupCoordinator 0]: Elected as the group coordinator for partition 14 in epoch 0 (kafka.coordinator.group.GroupCoordinator)
[2024-08-10 18:20:27,437] INFO [GroupMetadataManager brokerId=0] Scheduling loading of offsets and group metadata from __consumer_offsets-14 for epoch 0 (kafka.coordinator.group.GroupMetadataManager)
[2024-08-10 18:20:27,437] INFO [GroupCoordinator 0]: Elected as the group coordinator for partition 17 in epoch 0 (kafka.coordinator.group.GroupCoordinator)
[2024-08-10 18:20:27,437] INFO [GroupMetadataManager brokerId=0] Scheduling loading of offsets and group metadata from __consumer_offsets-17 for epoch 0 (kafka.coordinator.group.GroupMetadataManager)
[2024-08-10 18:20:27,437] INFO [GroupCoordinator 0]: Elected as the group coordinator for partition 20 in epoch 0 (kafka.coordinator.group.GroupCoordinator)
[2024-08-10 18:20:27,437] INFO [GroupMetadataManager brokerId=0] Scheduling loading of offsets and group metadata from __consumer_offsets-20 for epoch 0 (kafka.coordinator.group.GroupMetadataManager)
[2024-08-10 18:20:27,437] INFO [GroupCoordinator 0]: Elected as the group coordinator for partition 23 in epoch 0 (kafka.coordinator.group.GroupCoordinator)
[2024-08-10 18:20:27,437] INFO [GroupMetadataManager brokerId=0] Scheduling loading of offsets and group metadata from __consumer_offsets-23 for epoch 0 (kafka.coordinator.group.GroupMetadataManager)
[2024-08-10 18:20:27,437] INFO [GroupCoordinator 0]: Elected as the group coordinator for partition 26 in epoch 0 (kafka.coordinator.group.GroupCoordinator)
[2024-08-10 18:20:27,437] INFO [GroupMetadataManager brokerId=0] Scheduling loading of offsets and group metadata from __consumer_offsets-26 for epoch 0 (kafka.coordinator.group.GroupMetadataManager)
[2024-08-10 18:20:27,437] INFO [GroupCoordinator 0]: Elected as the group coordinator for partition 29 in epoch 0 (kafka.coordinator.group.GroupCoordinator)
[2024-08-10 18:20:27,437] INFO [GroupMetadataManager brokerId=0] Scheduling loading of offsets and group metadata from __consumer_offsets-29 for epoch 0 (kafka.coordinator.group.GroupMetadataManager)
[2024-08-10 18:20:27,437] INFO [GroupCoordinator 0]: Elected as the group coordinator for partition 32 in epoch 0 (kafka.coordinator.group.GroupCoordinator)
[2024-08-10 18:20:27,437] INFO [GroupMetadataManager brokerId=0] Scheduling loading of offsets and group metadata from __consumer_offsets-32 for epoch 0 (kafka.coordinator.group.GroupMetadataManager)
[2024-08-10 18:20:27,437] INFO [GroupCoordinator 0]: Elected as the group coordinator for partition 35 in epoch 0 (kafka.coordinator.group.GroupCoordinator)
[2024-08-10 18:20:27,437] INFO [GroupMetadataManager brokerId=0] Scheduling loading of offsets and group metadata from __consumer_offsets-35 for epoch 0 (kafka.coordinator.group.GroupMetadataManager)
[2024-08-10 18:20:27,437] INFO [GroupCoordinator 0]: Elected as the group coordinator for partition 38 in epoch 0 (kafka.coordinator.group.GroupCoordinator)
[2024-08-10 18:20:27,437] INFO [GroupMetadataManager brokerId=0] Scheduling loading of offsets and group metadata from __consumer_offsets-38 for epoch 0 (kafka.coordinator.group.GroupMetadataManager)
[2024-08-10 18:20:27,437] INFO [GroupCoordinator 0]: Elected as the group coordinator for partition 0 in epoch 0 (kafka.coordinator.group.GroupCoordinator)
[2024-08-10 18:20:27,437] INFO [GroupMetadataManager brokerId=0] Scheduling loading of offsets and group metadata from __consumer_offsets-0 for epoch 0 (kafka.coordinator.group.GroupMetadataManager)
[2024-08-10 18:20:27,437] INFO [GroupCoordinator 0]: Elected as the group coordinator for partition 3 in epoch 0 (kafka.coordinator.group.GroupCoordinator)
[2024-08-10 18:20:27,437] INFO [GroupMetadataManager brokerId=0] Scheduling loading of offsets and group metadata from __consumer_offsets-3 for epoch 0 (kafka.coordinator.group.GroupMetadataManager)
[2024-08-10 18:20:27,437] INFO [GroupCoordinator 0]: Elected as the group coordinator for partition 6 in epoch 0 (kafka.coordinator.group.GroupCoordinator)
[2024-08-10 18:20:27,437] INFO [GroupMetadataManager brokerId=0] Scheduling loading of offsets and group metadata from __consumer_offsets-6 for epoch 0 (kafka.coordinator.group.GroupMetadataManager)
[2024-08-10 18:20:27,437] INFO [GroupCoordinator 0]: Elected as the group coordinator for partition 9 in epoch 0 (kafka.coordinator.group.GroupCoordinator)
[2024-08-10 18:20:27,437] INFO [GroupMetadataManager brokerId=0] Scheduling loading of offsets and group metadata from __consumer_offsets-9 for epoch 0 (kafka.coordinator.group.GroupMetadataManager)
[2024-08-10 18:20:27,437] INFO [GroupCoordinator 0]: Elected as the group coordinator for partition 12 in epoch 0 (kafka.coordinator.group.GroupCoordinator)
[2024-08-10 18:20:27,437] INFO [GroupMetadataManager brokerId=0] Scheduling loading of offsets and group metadata from __consumer_offsets-12 for epoch 0 (kafka.coordinator.group.GroupMetadataManager)
[2024-08-10 18:20:27,437] INFO [GroupCoordinator 0]: Elected as the group coordinator for partition 15 in epoch 0 (kafka.coordinator.group.GroupCoordinator)
[2024-08-10 18:20:27,437] INFO [GroupMetadataManager brokerId=0] Scheduling loading of offsets and group metadata from __consumer_offsets-15 for epoch 0 (kafka.coordinator.group.GroupMetadataManager)
[2024-08-10 18:20:27,437] INFO [GroupCoordinator 0]: Elected as the group coordinator for partition 18 in epoch 0 (kafka.coordinator.group.GroupCoordinator)
[2024-08-10 18:20:27,437] INFO [GroupMetadataManager brokerId=0] Scheduling loading of offsets and group metadata from __consumer_offsets-18 for epoch 0 (kafka.coordinator.group.GroupMetadataManager)
[2024-08-10 18:20:27,437] INFO [GroupCoordinator 0]: Elected as the group coordinator for partition 21 in epoch 0 (kafka.coordinator.group.GroupCoordinator)
[2024-08-10 18:20:27,437] INFO [GroupMetadataManager brokerId=0] Scheduling loading of offsets and group metadata from __consumer_offsets-21 for epoch 0 (kafka.coordinator.group.GroupMetadataManager)
[2024-08-10 18:20:27,437] INFO [GroupCoordinator 0]: Elected as the group coordinator for partition 24 in epoch 0 (kafka.coordinator.group.GroupCoordinator)
[2024-08-10 18:20:27,437] INFO [GroupMetadataManager brokerId=0] Scheduling loading of offsets and group metadata from __consumer_offsets-24 for epoch 0 (kafka.coordinator.group.GroupMetadataManager)
[2024-08-10 18:20:27,437] INFO [GroupCoordinator 0]: Elected as the group coordinator for partition 27 in epoch 0 (kafka.coordinator.group.GroupCoordinator)
[2024-08-10 18:20:27,437] INFO [GroupMetadataManager brokerId=0] Scheduling loading of offsets and group metadata from __consumer_offsets-27 for epoch 0 (kafka.coordinator.group.GroupMetadataManager)
[2024-08-10 18:20:27,437] INFO [GroupCoordinator 0]: Elected as the group coordinator for partition 30 in epoch 0 (kafka.coordinator.group.GroupCoordinator)
[2024-08-10 18:20:27,437] INFO [GroupMetadataManager brokerId=0] Scheduling loading of offsets and group metadata from __consumer_offsets-30 for epoch 0 (kafka.coordinator.group.GroupMetadataManager)
[2024-08-10 18:20:27,437] INFO [GroupCoordinator 0]: Elected as the group coordinator for partition 33 in epoch 0 (kafka.coordinator.group.GroupCoordinator)
[2024-08-10 18:20:27,437] INFO [GroupMetadataManager brokerId=0] Scheduling loading of offsets and group metadata from __consumer_offsets-33 for epoch 0 (kafka.coordinator.group.GroupMetadataManager)
[2024-08-10 18:20:27,437] INFO [GroupCoordinator 0]: Elected as the group coordinator for partition 36 in epoch 0 (kafka.coordinator.group.GroupCoordinator)
[2024-08-10 18:20:27,437] INFO [GroupMetadataManager brokerId=0] Scheduling loading of offsets and group metadata from __consumer_offsets-36 for epoch 0 (kafka.coordinator.group.GroupMetadataManager)
[2024-08-10 18:20:27,437] INFO [GroupCoordinator 0]: Elected as the group coordinator for partition 39 in epoch 0 (kafka.coordinator.group.GroupCoordinator)
[2024-08-10 18:20:27,437] INFO [GroupMetadataManager brokerId=0] Scheduling loading of offsets and group metadata from __consumer_offsets-39 for epoch 0 (kafka.coordinator.group.GroupMetadataManager)
[2024-08-10 18:20:27,437] INFO [GroupCoordinator 0]: Elected as the group coordinator for partition 42 in epoch 0 (kafka.coordinator.group.GroupCoordinator)
[2024-08-10 18:20:27,437] INFO [GroupMetadataManager brokerId=0] Scheduling loading of offsets and group metadata from __consumer_offsets-42 for epoch 0 (kafka.coordinator.group.GroupMetadataManager)
[2024-08-10 18:20:27,437] INFO [GroupCoordinator 0]: Elected as the group coordinator for partition 45 in epoch 0 (kafka.coordinator.group.GroupCoordinator)
[2024-08-10 18:20:27,437] INFO [GroupMetadataManager brokerId=0] Scheduling loading of offsets and group metadata from __consumer_offsets-45 for epoch 0 (kafka.coordinator.group.GroupMetadataManager)
[2024-08-10 18:20:27,437] INFO [GroupCoordinator 0]: Elected as the group coordinator for partition 48 in epoch 0 (kafka.coordinator.group.GroupCoordinator)
[2024-08-10 18:20:27,437] INFO [GroupMetadataManager brokerId=0] Scheduling loading of offsets and group metadata from __consumer_offsets-48 for epoch 0 (kafka.coordinator.group.GroupMetadataManager)
[2024-08-10 18:20:27,439] INFO [GroupMetadataManager brokerId=0] Finished loading offsets and group metadata from __consumer_offsets-22 in 2 milliseconds for epoch 0, of which 1 milliseconds was spent in the scheduler. (kafka.coordinator.group.GroupMetadataManager)
[2024-08-10 18:20:27,439] INFO [GroupMetadataManager brokerId=0] Finished loading offsets and group metadata from __consumer_offsets-25 in 2 milliseconds for epoch 0, of which 2 milliseconds was spent in the scheduler. (kafka.coordinator.group.GroupMetadataManager)
[2024-08-10 18:20:27,439] INFO [GroupMetadataManager brokerId=0] Finished loading offsets and group metadata from __consumer_offsets-28 in 2 milliseconds for epoch 0, of which 2 milliseconds was spent in the scheduler. (kafka.coordinator.group.GroupMetadataManager)
[2024-08-10 18:20:27,439] INFO [GroupMetadataManager brokerId=0] Finished loading offsets and group metadata from __consumer_offsets-31 in 2 milliseconds for epoch 0, of which 2 milliseconds was spent in the scheduler. (kafka.coordinator.group.GroupMetadataManager)
[2024-08-10 18:20:27,439] INFO [GroupMetadataManager brokerId=0] Finished loading offsets and group metadata from __consumer_offsets-34 in 2 milliseconds for epoch 0, of which 2 milliseconds was spent in the scheduler. (kafka.coordinator.group.GroupMetadataManager)
[2024-08-10 18:20:27,439] INFO [GroupMetadataManager brokerId=0] Finished loading offsets and group metadata from __consumer_offsets-37 in 2 milliseconds for epoch 0, of which 2 milliseconds was spent in the scheduler. (kafka.coordinator.group.GroupMetadataManager)
[2024-08-10 18:20:27,439] INFO [GroupMetadataManager brokerId=0] Finished loading offsets and group metadata from __consumer_offsets-40 in 2 milliseconds for epoch 0, of which 2 milliseconds was spent in the scheduler. (kafka.coordinator.group.GroupMetadataManager)
[2024-08-10 18:20:27,439] INFO [GroupMetadataManager brokerId=0] Finished loading offsets and group metadata from __consumer_offsets-43 in 2 milliseconds for epoch 0, of which 2 milliseconds was spent in the scheduler. (kafka.coordinator.group.GroupMetadataManager)
[2024-08-10 18:20:27,439] INFO [GroupMetadataManager brokerId=0] Finished loading offsets and group metadata from __consumer_offsets-46 in 2 milliseconds for epoch 0, of which 2 milliseconds was spent in the scheduler. (kafka.coordinator.group.GroupMetadataManager)
[2024-08-10 18:20:27,439] INFO [GroupMetadataManager brokerId=0] Finished loading offsets and group metadata from __consumer_offsets-49 in 2 milliseconds for epoch 0, of which 2 milliseconds was spent in the scheduler. (kafka.coordinator.group.GroupMetadataManager)
[2024-08-10 18:20:27,439] INFO [GroupMetadataManager brokerId=0] Finished loading offsets and group metadata from __consumer_offsets-41 in 2 milliseconds for epoch 0, of which 2 milliseconds was spent in the scheduler. (kafka.coordinator.group.GroupMetadataManager)
[2024-08-10 18:20:27,439] INFO [GroupMetadataManager brokerId=0] Finished loading offsets and group metadata from __consumer_offsets-44 in 2 milliseconds for epoch 0, of which 2 milliseconds was spent in the scheduler. (kafka.coordinator.group.GroupMetadataManager)
[2024-08-10 18:20:27,439] INFO [GroupMetadataManager brokerId=0] Finished loading offsets and group metadata from __consumer_offsets-47 in 2 milliseconds for epoch 0, of which 2 milliseconds was spent in the scheduler. (kafka.coordinator.group.GroupMetadataManager)
[2024-08-10 18:20:27,439] INFO [GroupMetadataManager brokerId=0] Finished loading offsets and group metadata from __consumer_offsets-1 in 2 milliseconds for epoch 0, of which 2 milliseconds was spent in the scheduler. (kafka.coordinator.group.GroupMetadataManager)
[2024-08-10 18:20:27,439] INFO [GroupMetadataManager brokerId=0] Finished loading offsets and group metadata from __consumer_offsets-4 in 2 milliseconds for epoch 0, of which 2 milliseconds was spent in the scheduler. (kafka.coordinator.group.GroupMetadataManager)
[2024-08-10 18:20:27,439] INFO [GroupMetadataManager brokerId=0] Finished loading offsets and group metadata from __consumer_offsets-7 in 2 milliseconds for epoch 0, of which 2 milliseconds was spent in the scheduler. (kafka.coordinator.group.GroupMetadataManager)
[2024-08-10 18:20:27,440] INFO [GroupMetadataManager brokerId=0] Finished loading offsets and group metadata from __consumer_offsets-10 in 3 milliseconds for epoch 0, of which 2 milliseconds was spent in the scheduler. (kafka.coordinator.group.GroupMetadataManager)
[2024-08-10 18:20:27,440] INFO [GroupMetadataManager brokerId=0] Finished loading offsets and group metadata from __consumer_offsets-13 in 3 milliseconds for epoch 0, of which 3 milliseconds was spent in the scheduler. (kafka.coordinator.group.GroupMetadataManager)
[2024-08-10 18:20:27,440] INFO [GroupMetadataManager brokerId=0] Finished loading offsets and group metadata from __consumer_offsets-16 in 3 milliseconds for epoch 0, of which 3 milliseconds was spent in the scheduler. (kafka.coordinator.group.GroupMetadataManager)
[2024-08-10 18:20:27,440] INFO [GroupMetadataManager brokerId=0] Finished loading offsets and group metadata from __consumer_offsets-19 in 3 milliseconds for epoch 0, of which 3 milliseconds was spent in the scheduler. (kafka.coordinator.group.GroupMetadataManager)
[2024-08-10 18:20:27,440] INFO [GroupMetadataManager brokerId=0] Finished loading offsets and group metadata from __consumer_offsets-2 in 3 milliseconds for epoch 0, of which 3 milliseconds was spent in the scheduler. (kafka.coordinator.group.GroupMetadataManager)
[2024-08-10 18:20:27,440] INFO [GroupMetadataManager brokerId=0] Finished loading offsets and group metadata from __consumer_offsets-5 in 3 milliseconds for epoch 0, of which 3 milliseconds was spent in the scheduler. (kafka.coordinator.group.GroupMetadataManager)
[2024-08-10 18:20:27,440] INFO [GroupMetadataManager brokerId=0] Finished loading offsets and group metadata from __consumer_offsets-8 in 3 milliseconds for epoch 0, of which 3 milliseconds was spent in the scheduler. (kafka.coordinator.group.GroupMetadataManager)
[2024-08-10 18:20:27,440] INFO [GroupMetadataManager brokerId=0] Finished loading offsets and group metadata from __consumer_offsets-11 in 3 milliseconds for epoch 0, of which 3 milliseconds was spent in the scheduler. (kafka.coordinator.group.GroupMetadataManager)
[2024-08-10 18:20:27,440] INFO [GroupMetadataManager brokerId=0] Finished loading offsets and group metadata from __consumer_offsets-14 in 3 milliseconds for epoch 0, of which 3 milliseconds was spent in the scheduler. (kafka.coordinator.group.GroupMetadataManager)
[2024-08-10 18:20:27,440] INFO [GroupMetadataManager brokerId=0] Finished loading offsets and group metadata from __consumer_offsets-17 in 3 milliseconds for epoch 0, of which 3 milliseconds was spent in the scheduler. (kafka.coordinator.group.GroupMetadataManager)
[2024-08-10 18:20:27,440] INFO [GroupMetadataManager brokerId=0] Finished loading offsets and group metadata from __consumer_offsets-20 in 3 milliseconds for epoch 0, of which 3 milliseconds was spent in the scheduler. (kafka.coordinator.group.GroupMetadataManager)
[2024-08-10 18:20:27,440] INFO [GroupMetadataManager brokerId=0] Finished loading offsets and group metadata from __consumer_offsets-23 in 3 milliseconds for epoch 0, of which 3 milliseconds was spent in the scheduler. (kafka.coordinator.group.GroupMetadataManager)
[2024-08-10 18:20:27,440] INFO [GroupMetadataManager brokerId=0] Finished loading offsets and group metadata from __consumer_offsets-26 in 3 milliseconds for epoch 0, of which 3 milliseconds was spent in the scheduler. (kafka.coordinator.group.GroupMetadataManager)
[2024-08-10 18:20:27,440] INFO [GroupMetadataManager brokerId=0] Finished loading offsets and group metadata from __consumer_offsets-29 in 3 milliseconds for epoch 0, of which 3 milliseconds was spent in the scheduler. (kafka.coordinator.group.GroupMetadataManager)
[2024-08-10 18:20:27,440] INFO [GroupMetadataManager brokerId=0] Finished loading offsets and group metadata from __consumer_offsets-32 in 3 milliseconds for epoch 0, of which 3 milliseconds was spent in the scheduler. (kafka.coordinator.group.GroupMetadataManager)
[2024-08-10 18:20:27,440] INFO [GroupMetadataManager brokerId=0] Finished loading offsets and group metadata from __consumer_offsets-35 in 3 milliseconds for epoch 0, of which 3 milliseconds was spent in the scheduler. (kafka.coordinator.group.GroupMetadataManager)
[2024-08-10 18:20:27,440] INFO [GroupMetadataManager brokerId=0] Finished loading offsets and group metadata from __consumer_offsets-38 in 3 milliseconds for epoch 0, of which 3 milliseconds was spent in the scheduler. (kafka.coordinator.group.GroupMetadataManager)
[2024-08-10 18:20:27,440] INFO [GroupMetadataManager brokerId=0] Finished loading offsets and group metadata from __consumer_offsets-0 in 3 milliseconds for epoch 0, of which 3 milliseconds was spent in the scheduler. (kafka.coordinator.group.GroupMetadataManager)
[2024-08-10 18:20:27,441] INFO [GroupMetadataManager brokerId=0] Finished loading offsets and group metadata from __consumer_offsets-3 in 4 milliseconds for epoch 0, of which 4 milliseconds was spent in the scheduler. (kafka.coordinator.group.GroupMetadataManager)
[2024-08-10 18:20:27,441] INFO [GroupMetadataManager brokerId=0] Finished loading offsets and group metadata from __consumer_offsets-6 in 4 milliseconds for epoch 0, of which 4 milliseconds was spent in the scheduler. (kafka.coordinator.group.GroupMetadataManager)
[2024-08-10 18:20:27,441] INFO [GroupMetadataManager brokerId=0] Finished loading offsets and group metadata from __consumer_offsets-9 in 4 milliseconds for epoch 0, of which 4 milliseconds was spent in the scheduler. (kafka.coordinator.group.GroupMetadataManager)
[2024-08-10 18:20:27,441] INFO [GroupMetadataManager brokerId=0] Finished loading offsets and group metadata from __consumer_offsets-12 in 4 milliseconds for epoch 0, of which 4 milliseconds was spent in the scheduler. (kafka.coordinator.group.GroupMetadataManager)
[2024-08-10 18:20:27,441] INFO [GroupMetadataManager brokerId=0] Finished loading offsets and group metadata from __consumer_offsets-15 in 4 milliseconds for epoch 0, of which 4 milliseconds was spent in the scheduler. (kafka.coordinator.group.GroupMetadataManager)
[2024-08-10 18:20:27,441] INFO [GroupMetadataManager brokerId=0] Finished loading offsets and group metadata from __consumer_offsets-18 in 4 milliseconds for epoch 0, of which 4 milliseconds was spent in the scheduler. (kafka.coordinator.group.GroupMetadataManager)
[2024-08-10 18:20:27,441] INFO [GroupMetadataManager brokerId=0] Finished loading offsets and group metadata from __consumer_offsets-21 in 4 milliseconds for epoch 0, of which 4 milliseconds was spent in the scheduler. (kafka.coordinator.group.GroupMetadataManager)
[2024-08-10 18:20:27,441] INFO [GroupMetadataManager brokerId=0] Finished loading offsets and group metadata from __consumer_offsets-24 in 4 milliseconds for epoch 0, of which 4 milliseconds was spent in the scheduler. (kafka.coordinator.group.GroupMetadataManager)
[2024-08-10 18:20:27,441] INFO [GroupMetadataManager brokerId=0] Finished loading offsets and group metadata from __consumer_offsets-27 in 4 milliseconds for epoch 0, of which 4 milliseconds was spent in the scheduler. (kafka.coordinator.group.GroupMetadataManager)
[2024-08-10 18:20:27,441] INFO [GroupMetadataManager brokerId=0] Finished loading offsets and group metadata from __consumer_offsets-30 in 4 milliseconds for epoch 0, of which 4 milliseconds was spent in the scheduler. (kafka.coordinator.group.GroupMetadataManager)
[2024-08-10 18:20:27,441] INFO [GroupMetadataManager brokerId=0] Finished loading offsets and group metadata from __consumer_offsets-33 in 4 milliseconds for epoch 0, of which 4 milliseconds was spent in the scheduler. (kafka.coordinator.group.GroupMetadataManager)
[2024-08-10 18:20:27,441] INFO [GroupMetadataManager brokerId=0] Finished loading offsets and group metadata from __consumer_offsets-36 in 4 milliseconds for epoch 0, of which 4 milliseconds was spent in the scheduler. (kafka.coordinator.group.GroupMetadataManager)
[2024-08-10 18:20:27,441] INFO [GroupMetadataManager brokerId=0] Finished loading offsets and group metadata from __consumer_offsets-39 in 4 milliseconds for epoch 0, of which 4 milliseconds was spent in the scheduler. (kafka.coordinator.group.GroupMetadataManager)
[2024-08-10 18:20:27,441] INFO [GroupMetadataManager brokerId=0] Finished loading offsets and group metadata from __consumer_offsets-42 in 4 milliseconds for epoch 0, of which 4 milliseconds was spent in the scheduler. (kafka.coordinator.group.GroupMetadataManager)
[2024-08-10 18:20:27,441] INFO [GroupMetadataManager brokerId=0] Finished loading offsets and group metadata from __consumer_offsets-45 in 4 milliseconds for epoch 0, of which 4 milliseconds was spent in the scheduler. (kafka.coordinator.group.GroupMetadataManager)
[2024-08-10 18:20:27,441] INFO [GroupMetadataManager brokerId=0] Finished loading offsets and group metadata from __consumer_offsets-48 in 4 milliseconds for epoch 0, of which 4 milliseconds was spent in the scheduler. (kafka.coordinator.group.GroupMetadataManager)
[2024-08-10 18:20:27,705] INFO [GroupCoordinator 0]: Dynamic member with unknown member id joins group console-consumer-20145 in Empty state. Created a new member id console-consumer-44ed3fb5-3f7e-4abe-a5fb-5ae98f988983 and request the member to rejoin with this id. (kafka.coordinator.group.GroupCoordinator)
[2024-08-10 18:20:27,714] INFO [GroupCoordinator 0]: Preparing to rebalance group console-consumer-20145 in state PreparingRebalance with old generation 0 (__consumer_offsets-23) (reason: Adding new member console-consumer-44ed3fb5-3f7e-4abe-a5fb-5ae98f988983 with group instance id None; client reason: need to re-join with the given member-id: console-consumer-44ed3fb5-3f7e-4abe-a5fb-5ae98f988983) (kafka.coordinator.group.GroupCoordinator)
[2024-08-10 18:20:27,719] INFO [GroupCoordinator 0]: Stabilized group console-consumer-20145 generation 1 (__consumer_offsets-23) with 1 members (kafka.coordinator.group.GroupCoordinator)
[2024-08-10 18:20:27,731] INFO [GroupCoordinator 0]: Assignment received from leader console-consumer-44ed3fb5-3f7e-4abe-a5fb-5ae98f988983 for group console-consumer-20145 for generation 1. The group has 1 members, 0 of which are static. (kafka.coordinator.group.GroupCoordinator)
