[2024-08-10 18:20:26,925] INFO [Controller id=0 epoch=2] Changed partition chat-0 state from NonExistentPartition to NewPartition with assigned replicas 0 (state.change.logger)
[2024-08-10 18:20:26,926] INFO [Controller id=0 epoch=2] Sending UpdateMetadata request to brokers Set() for 0 partitions (state.change.logger)
[2024-08-10 18:20:26,927] INFO [Controller id=0 epoch=2] Sending UpdateMetadata request to brokers Set() for 0 partitions (state.change.logger)
[2024-08-10 18:20:26,947] INFO [Controller id=0 epoch=2] Changed partition chat-0 from NewPartition to OnlinePartition with state LeaderAndIsr(leader=0, leaderEpoch=0, isrWithBrokerEpoch=List(BrokerState(brokerId=0, brokerEpoch=-1)), leaderRecoveryState=RECOVERED, partitionEpoch=0) (state.change.logger)
[2024-08-10 18:20:26,948] INFO [Controller id=0 epoch=2] Sending LeaderAndIsr request to broker 0 with 1 become-leader and 0 become-follower partitions (state.change.logger)
[2024-08-10 18:20:26,949] INFO [Controller id=0 epoch=2] Sending UpdateMetadata request to brokers Set(0) for 1 partitions (state.change.logger)
[2024-08-10 18:20:26,949] INFO [Controller id=0 epoch=2] Sending UpdateMetadata request to brokers Set() for 0 partitions (state.change.logger)
[2024-08-10 18:20:26,953] INFO [Broker id=0] Handling LeaderAndIsr request correlationId 1 from controller 0 for 1 partitions (state.change.logger)
[2024-08-10 18:20:26,954] INFO [Controller id=0 epoch=2] Changed partition __consumer_offsets-22 state from NonExistentPartition to NewPartition with assigned replicas 0 (state.change.logger)
[2024-08-10 18:20:26,954] INFO [Controller id=0 epoch=2] Changed partition __consumer_offsets-30 state from NonExistentPartition to NewPartition with assigned replicas 0 (state.change.logger)
[2024-08-10 18:20:26,954] INFO [Controller id=0 epoch=2] Changed partition __consumer_offsets-8 state from NonExistentPartition to NewPartition with assigned replicas 0 (state.change.logger)
[2024-08-10 18:20:26,954] INFO [Controller id=0 epoch=2] Changed partition __consumer_offsets-21 state from NonExistentPartition to NewPartition with assigned replicas 0 (state.change.logger)
[2024-08-10 18:20:26,954] INFO [Controller id=0 epoch=2] Changed partition __consumer_offsets-4 state from NonExistentPartition to NewPartition with assigned replicas 0 (state.change.logger)
[2024-08-10 18:20:26,954] INFO [Controller id=0 epoch=2] Changed partition __consumer_offsets-27 state from NonExistentPartition to NewPartition with assigned replicas 0 (state.change.logger)
[2024-08-10 18:20:26,954] INFO [Controller id=0 epoch=2] Changed partition __consumer_offsets-7 state from NonExistentPartition to NewPartition with assigned replicas 0 (state.change.logger)
[2024-08-10 18:20:26,954] INFO [Controller id=0 epoch=2] Changed partition __consumer_offsets-9 state from NonExistentPartition to NewPartition with assigned replicas 0 (state.change.logger)
[2024-08-10 18:20:26,954] INFO [Controller id=0 epoch=2] Changed partition __consumer_offsets-46 state from NonExistentPartition to NewPartition with assigned replicas 0 (state.change.logger)
[2024-08-10 18:20:26,954] INFO [Controller id=0 epoch=2] Changed partition __consumer_offsets-25 state from NonExistentPartition to NewPartition with assigned replicas 0 (state.change.logger)
[2024-08-10 18:20:26,954] INFO [Controller id=0 epoch=2] Changed partition __consumer_offsets-35 state from NonExistentPartition to NewPartition with assigned replicas 0 (state.change.logger)
[2024-08-10 18:20:26,954] INFO [Controller id=0 epoch=2] Changed partition __consumer_offsets-41 state from NonExistentPartition to NewPartition with assigned replicas 0 (state.change.logger)
[2024-08-10 18:20:26,954] INFO [Controller id=0 epoch=2] Changed partition __consumer_offsets-33 state from NonExistentPartition to NewPartition with assigned replicas 0 (state.change.logger)
[2024-08-10 18:20:26,954] INFO [Controller id=0 epoch=2] Changed partition __consumer_offsets-23 state from NonExistentPartition to NewPartition with assigned replicas 0 (state.change.logger)
[2024-08-10 18:20:26,954] INFO [Controller id=0 epoch=2] Changed partition __consumer_offsets-49 state from NonExistentPartition to NewPartition with assigned replicas 0 (state.change.logger)
[2024-08-10 18:20:26,954] INFO [Controller id=0 epoch=2] Changed partition __consumer_offsets-47 state from NonExistentPartition to NewPartition with assigned replicas 0 (state.change.logger)
[2024-08-10 18:20:26,954] INFO [Controller id=0 epoch=2] Changed partition __consumer_offsets-16 state from NonExistentPartition to NewPartition with assigned replicas 0 (state.change.logger)
[2024-08-10 18:20:26,955] INFO [Controller id=0 epoch=2] Changed partition __consumer_offsets-28 state from NonExistentPartition to NewPartition with assigned replicas 0 (state.change.logger)
[2024-08-10 18:20:26,955] INFO [Controller id=0 epoch=2] Changed partition __consumer_offsets-31 state from NonExistentPartition to NewPartition with assigned replicas 0 (state.change.logger)
[2024-08-10 18:20:26,955] INFO [Controller id=0 epoch=2] Changed partition __consumer_offsets-36 state from NonExistentPartition to NewPartition with assigned replicas 0 (state.change.logger)
[2024-08-10 18:20:26,955] INFO [Controller id=0 epoch=2] Changed partition __consumer_offsets-42 state from NonExistentPartition to NewPartition with assigned replicas 0 (state.change.logger)
[2024-08-10 18:20:26,955] INFO [Controller id=0 epoch=2] Changed partition __consumer_offsets-3 state from NonExistentPartition to NewPartition with assigned replicas 0 (state.change.logger)
[2024-08-10 18:20:26,955] INFO [Controller id=0 epoch=2] Changed partition __consumer_offsets-18 state from NonExistentPartition to NewPartition with assigned replicas 0 (state.change.logger)
[2024-08-10 18:20:26,955] INFO [Controller id=0 epoch=2] Changed partition __consumer_offsets-37 state from NonExistentPartition to NewPartition with assigned replicas 0 (state.change.logger)
[2024-08-10 18:20:26,955] INFO [Controller id=0 epoch=2] Changed partition __consumer_offsets-15 state from NonExistentPartition to NewPartition with assigned replicas 0 (state.change.logger)
[2024-08-10 18:20:26,955] INFO [Controller id=0 epoch=2] Changed partition __consumer_offsets-24 state from NonExistentPartition to NewPartition with assigned replicas 0 (state.change.logger)
[2024-08-10 18:20:26,955] INFO [Controller id=0 epoch=2] Changed partition __consumer_offsets-38 state from NonExistentPartition to NewPartition with assigned replicas 0 (state.change.logger)
[2024-08-10 18:20:26,955] INFO [Controller id=0 epoch=2] Changed partition __consumer_offsets-17 state from NonExistentPartition to NewPartition with assigned replicas 0 (state.change.logger)
[2024-08-10 18:20:26,955] INFO [Controller id=0 epoch=2] Changed partition __consumer_offsets-48 state from NonExistentPartition to NewPartition with assigned replicas 0 (state.change.logger)
[2024-08-10 18:20:26,955] INFO [Controller id=0 epoch=2] Changed partition __consumer_offsets-19 state from NonExistentPartition to NewPartition with assigned replicas 0 (state.change.logger)
[2024-08-10 18:20:26,955] INFO [Controller id=0 epoch=2] Changed partition __consumer_offsets-11 state from NonExistentPartition to NewPartition with assigned replicas 0 (state.change.logger)
[2024-08-10 18:20:26,955] INFO [Controller id=0 epoch=2] Changed partition __consumer_offsets-13 state from NonExistentPartition to NewPartition with assigned replicas 0 (state.change.logger)
[2024-08-10 18:20:26,955] INFO [Controller id=0 epoch=2] Changed partition __consumer_offsets-2 state from NonExistentPartition to NewPartition with assigned replicas 0 (state.change.logger)
[2024-08-10 18:20:26,955] INFO [Controller id=0 epoch=2] Changed partition __consumer_offsets-43 state from NonExistentPartition to NewPartition with assigned replicas 0 (state.change.logger)
[2024-08-10 18:20:26,955] INFO [Controller id=0 epoch=2] Changed partition __consumer_offsets-6 state from NonExistentPartition to NewPartition with assigned replicas 0 (state.change.logger)
[2024-08-10 18:20:26,955] INFO [Controller id=0 epoch=2] Changed partition __consumer_offsets-14 state from NonExistentPartition to NewPartition with assigned replicas 0 (state.change.logger)
[2024-08-10 18:20:26,955] INFO [Controller id=0 epoch=2] Changed partition __consumer_offsets-20 state from NonExistentPartition to NewPartition with assigned replicas 0 (state.change.logger)
[2024-08-10 18:20:26,955] INFO [Controller id=0 epoch=2] Changed partition __consumer_offsets-0 state from NonExistentPartition to NewPartition with assigned replicas 0 (state.change.logger)
[2024-08-10 18:20:26,955] INFO [Controller id=0 epoch=2] Changed partition __consumer_offsets-44 state from NonExistentPartition to NewPartition with assigned replicas 0 (state.change.logger)
[2024-08-10 18:20:26,955] INFO [Controller id=0 epoch=2] Changed partition __consumer_offsets-39 state from NonExistentPartition to NewPartition with assigned replicas 0 (state.change.logger)
[2024-08-10 18:20:26,955] INFO [Controller id=0 epoch=2] Changed partition __consumer_offsets-12 state from NonExistentPartition to NewPartition with assigned replicas 0 (state.change.logger)
[2024-08-10 18:20:26,955] INFO [Controller id=0 epoch=2] Changed partition __consumer_offsets-45 state from NonExistentPartition to NewPartition with assigned replicas 0 (state.change.logger)
[2024-08-10 18:20:26,955] INFO [Controller id=0 epoch=2] Changed partition __consumer_offsets-1 state from NonExistentPartition to NewPartition with assigned replicas 0 (state.change.logger)
[2024-08-10 18:20:26,955] INFO [Controller id=0 epoch=2] Changed partition __consumer_offsets-5 state from NonExistentPartition to NewPartition with assigned replicas 0 (state.change.logger)
[2024-08-10 18:20:26,955] INFO [Controller id=0 epoch=2] Changed partition __consumer_offsets-26 state from NonExistentPartition to NewPartition with assigned replicas 0 (state.change.logger)
[2024-08-10 18:20:26,955] INFO [Controller id=0 epoch=2] Changed partition __consumer_offsets-29 state from NonExistentPartition to NewPartition with assigned replicas 0 (state.change.logger)
[2024-08-10 18:20:26,955] INFO [Controller id=0 epoch=2] Changed partition __consumer_offsets-34 state from NonExistentPartition to NewPartition with assigned replicas 0 (state.change.logger)
[2024-08-10 18:20:26,955] INFO [Controller id=0 epoch=2] Changed partition __consumer_offsets-10 state from NonExistentPartition to NewPartition with assigned replicas 0 (state.change.logger)
[2024-08-10 18:20:26,955] INFO [Controller id=0 epoch=2] Changed partition __consumer_offsets-32 state from NonExistentPartition to NewPartition with assigned replicas 0 (state.change.logger)
[2024-08-10 18:20:26,955] INFO [Controller id=0 epoch=2] Changed partition __consumer_offsets-40 state from NonExistentPartition to NewPartition with assigned replicas 0 (state.change.logger)
[2024-08-10 18:20:26,955] INFO [Controller id=0 epoch=2] Sending UpdateMetadata request to brokers Set() for 0 partitions (state.change.logger)
[2024-08-10 18:20:26,956] INFO [Controller id=0 epoch=2] Sending UpdateMetadata request to brokers Set() for 0 partitions (state.change.logger)
[2024-08-10 18:20:26,966] INFO [Broker id=0] Stopped fetchers as part of LeaderAndIsr request correlationId 1 from controller 0 epoch 2 as part of the become-leader transition for 1 partitions (state.change.logger)
[2024-08-10 18:20:27,016] INFO [Broker id=0] Leader chat-0 with topic id Some(SQ2jXNnxSMKkf6Sz2uAAkw) starts at leader epoch 0 from offset 0 with partition epoch 0, high watermark 0, ISR [0], adding replicas [] and removing replicas [] . Previous leader None and previous leader epoch was -1. (state.change.logger)
[2024-08-10 18:20:27,029] INFO [Broker id=0] Finished LeaderAndIsr request in 76ms correlationId 1 from controller 0 for 1 partitions (state.change.logger)
[2024-08-10 18:20:27,031] INFO [Controller id=0 epoch=2] Changed partition __consumer_offsets-22 from NewPartition to OnlinePartition with state LeaderAndIsr(leader=0, leaderEpoch=0, isrWithBrokerEpoch=List(BrokerState(brokerId=0, brokerEpoch=-1)), leaderRecoveryState=RECOVERED, partitionEpoch=0) (state.change.logger)
[2024-08-10 18:20:27,031] INFO [Controller id=0 epoch=2] Changed partition __consumer_offsets-30 from NewPartition to OnlinePartition with state LeaderAndIsr(leader=0, leaderEpoch=0, isrWithBrokerEpoch=List(BrokerState(brokerId=0, brokerEpoch=-1)), leaderRecoveryState=RECOVERED, partitionEpoch=0) (state.change.logger)
[2024-08-10 18:20:27,031] INFO [Controller id=0 epoch=2] Changed partition __consumer_offsets-8 from NewPartition to OnlinePartition with state LeaderAndIsr(leader=0, leaderEpoch=0, isrWithBrokerEpoch=List(BrokerState(brokerId=0, brokerEpoch=-1)), leaderRecoveryState=RECOVERED, partitionEpoch=0) (state.change.logger)
[2024-08-10 18:20:27,031] INFO [Controller id=0 epoch=2] Changed partition __consumer_offsets-21 from NewPartition to OnlinePartition with state LeaderAndIsr(leader=0, leaderEpoch=0, isrWithBrokerEpoch=List(BrokerState(brokerId=0, brokerEpoch=-1)), leaderRecoveryState=RECOVERED, partitionEpoch=0) (state.change.logger)
[2024-08-10 18:20:27,031] INFO [Controller id=0 epoch=2] Changed partition __consumer_offsets-4 from NewPartition to OnlinePartition with state LeaderAndIsr(leader=0, leaderEpoch=0, isrWithBrokerEpoch=List(BrokerState(brokerId=0, brokerEpoch=-1)), leaderRecoveryState=RECOVERED, partitionEpoch=0) (state.change.logger)
[2024-08-10 18:20:27,031] INFO [Controller id=0 epoch=2] Changed partition __consumer_offsets-27 from NewPartition to OnlinePartition with state LeaderAndIsr(leader=0, leaderEpoch=0, isrWithBrokerEpoch=List(BrokerState(brokerId=0, brokerEpoch=-1)), leaderRecoveryState=RECOVERED, partitionEpoch=0) (state.change.logger)
[2024-08-10 18:20:27,031] INFO [Controller id=0 epoch=2] Changed partition __consumer_offsets-7 from NewPartition to OnlinePartition with state LeaderAndIsr(leader=0, leaderEpoch=0, isrWithBrokerEpoch=List(BrokerState(brokerId=0, brokerEpoch=-1)), leaderRecoveryState=RECOVERED, partitionEpoch=0) (state.change.logger)
[2024-08-10 18:20:27,031] INFO [Controller id=0 epoch=2] Changed partition __consumer_offsets-9 from NewPartition to OnlinePartition with state LeaderAndIsr(leader=0, leaderEpoch=0, isrWithBrokerEpoch=List(BrokerState(brokerId=0, brokerEpoch=-1)), leaderRecoveryState=RECOVERED, partitionEpoch=0) (state.change.logger)
[2024-08-10 18:20:27,031] INFO [Controller id=0 epoch=2] Changed partition __consumer_offsets-46 from NewPartition to OnlinePartition with state LeaderAndIsr(leader=0, leaderEpoch=0, isrWithBrokerEpoch=List(BrokerState(brokerId=0, brokerEpoch=-1)), leaderRecoveryState=RECOVERED, partitionEpoch=0) (state.change.logger)
[2024-08-10 18:20:27,031] INFO [Controller id=0 epoch=2] Changed partition __consumer_offsets-25 from NewPartition to OnlinePartition with state LeaderAndIsr(leader=0, leaderEpoch=0, isrWithBrokerEpoch=List(BrokerState(brokerId=0, brokerEpoch=-1)), leaderRecoveryState=RECOVERED, partitionEpoch=0) (state.change.logger)
[2024-08-10 18:20:27,031] INFO [Controller id=0 epoch=2] Changed partition __consumer_offsets-35 from NewPartition to OnlinePartition with state LeaderAndIsr(leader=0, leaderEpoch=0, isrWithBrokerEpoch=List(BrokerState(brokerId=0, brokerEpoch=-1)), leaderRecoveryState=RECOVERED, partitionEpoch=0) (state.change.logger)
[2024-08-10 18:20:27,031] INFO [Controller id=0 epoch=2] Changed partition __consumer_offsets-41 from NewPartition to OnlinePartition with state LeaderAndIsr(leader=0, leaderEpoch=0, isrWithBrokerEpoch=List(BrokerState(brokerId=0, brokerEpoch=-1)), leaderRecoveryState=RECOVERED, partitionEpoch=0) (state.change.logger)
[2024-08-10 18:20:27,032] INFO [Controller id=0 epoch=2] Changed partition __consumer_offsets-33 from NewPartition to OnlinePartition with state LeaderAndIsr(leader=0, leaderEpoch=0, isrWithBrokerEpoch=List(BrokerState(brokerId=0, brokerEpoch=-1)), leaderRecoveryState=RECOVERED, partitionEpoch=0) (state.change.logger)
[2024-08-10 18:20:27,032] INFO [Controller id=0 epoch=2] Changed partition __consumer_offsets-23 from NewPartition to OnlinePartition with state LeaderAndIsr(leader=0, leaderEpoch=0, isrWithBrokerEpoch=List(BrokerState(brokerId=0, brokerEpoch=-1)), leaderRecoveryState=RECOVERED, partitionEpoch=0) (state.change.logger)
[2024-08-10 18:20:27,032] INFO [Controller id=0 epoch=2] Changed partition __consumer_offsets-49 from NewPartition to OnlinePartition with state LeaderAndIsr(leader=0, leaderEpoch=0, isrWithBrokerEpoch=List(BrokerState(brokerId=0, brokerEpoch=-1)), leaderRecoveryState=RECOVERED, partitionEpoch=0) (state.change.logger)
[2024-08-10 18:20:27,032] INFO [Controller id=0 epoch=2] Changed partition __consumer_offsets-47 from NewPartition to OnlinePartition with state LeaderAndIsr(leader=0, leaderEpoch=0, isrWithBrokerEpoch=List(BrokerState(brokerId=0, brokerEpoch=-1)), leaderRecoveryState=RECOVERED, partitionEpoch=0) (state.change.logger)
[2024-08-10 18:20:27,032] INFO [Controller id=0 epoch=2] Changed partition __consumer_offsets-16 from NewPartition to OnlinePartition with state LeaderAndIsr(leader=0, leaderEpoch=0, isrWithBrokerEpoch=List(BrokerState(brokerId=0, brokerEpoch=-1)), leaderRecoveryState=RECOVERED, partitionEpoch=0) (state.change.logger)
[2024-08-10 18:20:27,032] INFO [Controller id=0 epoch=2] Changed partition __consumer_offsets-28 from NewPartition to OnlinePartition with state LeaderAndIsr(leader=0, leaderEpoch=0, isrWithBrokerEpoch=List(BrokerState(brokerId=0, brokerEpoch=-1)), leaderRecoveryState=RECOVERED, partitionEpoch=0) (state.change.logger)
[2024-08-10 18:20:27,032] INFO [Controller id=0 epoch=2] Changed partition __consumer_offsets-31 from NewPartition to OnlinePartition with state LeaderAndIsr(leader=0, leaderEpoch=0, isrWithBrokerEpoch=List(BrokerState(brokerId=0, brokerEpoch=-1)), leaderRecoveryState=RECOVERED, partitionEpoch=0) (state.change.logger)
[2024-08-10 18:20:27,032] INFO [Controller id=0 epoch=2] Changed partition __consumer_offsets-36 from NewPartition to OnlinePartition with state LeaderAndIsr(leader=0, leaderEpoch=0, isrWithBrokerEpoch=List(BrokerState(brokerId=0, brokerEpoch=-1)), leaderRecoveryState=RECOVERED, partitionEpoch=0) (state.change.logger)
[2024-08-10 18:20:27,032] INFO [Controller id=0 epoch=2] Changed partition __consumer_offsets-42 from NewPartition to OnlinePartition with state LeaderAndIsr(leader=0, leaderEpoch=0, isrWithBrokerEpoch=List(BrokerState(brokerId=0, brokerEpoch=-1)), leaderRecoveryState=RECOVERED, partitionEpoch=0) (state.change.logger)
[2024-08-10 18:20:27,032] INFO [Controller id=0 epoch=2] Changed partition __consumer_offsets-3 from NewPartition to OnlinePartition with state LeaderAndIsr(leader=0, leaderEpoch=0, isrWithBrokerEpoch=List(BrokerState(brokerId=0, brokerEpoch=-1)), leaderRecoveryState=RECOVERED, partitionEpoch=0) (state.change.logger)
[2024-08-10 18:20:27,032] INFO [Controller id=0 epoch=2] Changed partition __consumer_offsets-18 from NewPartition to OnlinePartition with state LeaderAndIsr(leader=0, leaderEpoch=0, isrWithBrokerEpoch=List(BrokerState(brokerId=0, brokerEpoch=-1)), leaderRecoveryState=RECOVERED, partitionEpoch=0) (state.change.logger)
[2024-08-10 18:20:27,032] INFO [Controller id=0 epoch=2] Changed partition __consumer_offsets-37 from NewPartition to OnlinePartition with state LeaderAndIsr(leader=0, leaderEpoch=0, isrWithBrokerEpoch=List(BrokerState(brokerId=0, brokerEpoch=-1)), leaderRecoveryState=RECOVERED, partitionEpoch=0) (state.change.logger)
[2024-08-10 18:20:27,032] INFO [Controller id=0 epoch=2] Changed partition __consumer_offsets-15 from NewPartition to OnlinePartition with state LeaderAndIsr(leader=0, leaderEpoch=0, isrWithBrokerEpoch=List(BrokerState(brokerId=0, brokerEpoch=-1)), leaderRecoveryState=RECOVERED, partitionEpoch=0) (state.change.logger)
[2024-08-10 18:20:27,032] INFO [Controller id=0 epoch=2] Changed partition __consumer_offsets-24 from NewPartition to OnlinePartition with state LeaderAndIsr(leader=0, leaderEpoch=0, isrWithBrokerEpoch=List(BrokerState(brokerId=0, brokerEpoch=-1)), leaderRecoveryState=RECOVERED, partitionEpoch=0) (state.change.logger)
[2024-08-10 18:20:27,032] INFO [Controller id=0 epoch=2] Changed partition __consumer_offsets-38 from NewPartition to OnlinePartition with state LeaderAndIsr(leader=0, leaderEpoch=0, isrWithBrokerEpoch=List(BrokerState(brokerId=0, brokerEpoch=-1)), leaderRecoveryState=RECOVERED, partitionEpoch=0) (state.change.logger)
[2024-08-10 18:20:27,032] INFO [Controller id=0 epoch=2] Changed partition __consumer_offsets-17 from NewPartition to OnlinePartition with state LeaderAndIsr(leader=0, leaderEpoch=0, isrWithBrokerEpoch=List(BrokerState(brokerId=0, brokerEpoch=-1)), leaderRecoveryState=RECOVERED, partitionEpoch=0) (state.change.logger)
[2024-08-10 18:20:27,032] INFO [Controller id=0 epoch=2] Changed partition __consumer_offsets-48 from NewPartition to OnlinePartition with state LeaderAndIsr(leader=0, leaderEpoch=0, isrWithBrokerEpoch=List(BrokerState(brokerId=0, brokerEpoch=-1)), leaderRecoveryState=RECOVERED, partitionEpoch=0) (state.change.logger)
[2024-08-10 18:20:27,032] INFO [Controller id=0 epoch=2] Changed partition __consumer_offsets-19 from NewPartition to OnlinePartition with state LeaderAndIsr(leader=0, leaderEpoch=0, isrWithBrokerEpoch=List(BrokerState(brokerId=0, brokerEpoch=-1)), leaderRecoveryState=RECOVERED, partitionEpoch=0) (state.change.logger)
[2024-08-10 18:20:27,032] INFO [Controller id=0 epoch=2] Changed partition __consumer_offsets-11 from NewPartition to OnlinePartition with state LeaderAndIsr(leader=0, leaderEpoch=0, isrWithBrokerEpoch=List(BrokerState(brokerId=0, brokerEpoch=-1)), leaderRecoveryState=RECOVERED, partitionEpoch=0) (state.change.logger)
[2024-08-10 18:20:27,032] INFO [Controller id=0 epoch=2] Changed partition __consumer_offsets-13 from NewPartition to OnlinePartition with state LeaderAndIsr(leader=0, leaderEpoch=0, isrWithBrokerEpoch=List(BrokerState(brokerId=0, brokerEpoch=-1)), leaderRecoveryState=RECOVERED, partitionEpoch=0) (state.change.logger)
[2024-08-10 18:20:27,032] INFO [Controller id=0 epoch=2] Changed partition __consumer_offsets-2 from NewPartition to OnlinePartition with state LeaderAndIsr(leader=0, leaderEpoch=0, isrWithBrokerEpoch=List(BrokerState(brokerId=0, brokerEpoch=-1)), leaderRecoveryState=RECOVERED, partitionEpoch=0) (state.change.logger)
[2024-08-10 18:20:27,032] INFO [Controller id=0 epoch=2] Changed partition __consumer_offsets-43 from NewPartition to OnlinePartition with state LeaderAndIsr(leader=0, leaderEpoch=0, isrWithBrokerEpoch=List(BrokerState(brokerId=0, brokerEpoch=-1)), leaderRecoveryState=RECOVERED, partitionEpoch=0) (state.change.logger)
[2024-08-10 18:20:27,032] INFO [Controller id=0 epoch=2] Changed partition __consumer_offsets-6 from NewPartition to OnlinePartition with state LeaderAndIsr(leader=0, leaderEpoch=0, isrWithBrokerEpoch=List(BrokerState(brokerId=0, brokerEpoch=-1)), leaderRecoveryState=RECOVERED, partitionEpoch=0) (state.change.logger)
[2024-08-10 18:20:27,032] INFO [Controller id=0 epoch=2] Changed partition __consumer_offsets-14 from NewPartition to OnlinePartition with state LeaderAndIsr(leader=0, leaderEpoch=0, isrWithBrokerEpoch=List(BrokerState(brokerId=0, brokerEpoch=-1)), leaderRecoveryState=RECOVERED, partitionEpoch=0) (state.change.logger)
[2024-08-10 18:20:27,032] INFO [Controller id=0 epoch=2] Changed partition __consumer_offsets-20 from NewPartition to OnlinePartition with state LeaderAndIsr(leader=0, leaderEpoch=0, isrWithBrokerEpoch=List(BrokerState(brokerId=0, brokerEpoch=-1)), leaderRecoveryState=RECOVERED, partitionEpoch=0) (state.change.logger)
[2024-08-10 18:20:27,032] INFO [Controller id=0 epoch=2] Changed partition __consumer_offsets-0 from NewPartition to OnlinePartition with state LeaderAndIsr(leader=0, leaderEpoch=0, isrWithBrokerEpoch=List(BrokerState(brokerId=0, brokerEpoch=-1)), leaderRecoveryState=RECOVERED, partitionEpoch=0) (state.change.logger)
[2024-08-10 18:20:27,032] INFO [Controller id=0 epoch=2] Changed partition __consumer_offsets-44 from NewPartition to OnlinePartition with state LeaderAndIsr(leader=0, leaderEpoch=0, isrWithBrokerEpoch=List(BrokerState(brokerId=0, brokerEpoch=-1)), leaderRecoveryState=RECOVERED, partitionEpoch=0) (state.change.logger)
[2024-08-10 18:20:27,032] INFO [Controller id=0 epoch=2] Changed partition __consumer_offsets-39 from NewPartition to OnlinePartition with state LeaderAndIsr(leader=0, leaderEpoch=0, isrWithBrokerEpoch=List(BrokerState(brokerId=0, brokerEpoch=-1)), leaderRecoveryState=RECOVERED, partitionEpoch=0) (state.change.logger)
[2024-08-10 18:20:27,032] INFO [Controller id=0 epoch=2] Changed partition __consumer_offsets-12 from NewPartition to OnlinePartition with state LeaderAndIsr(leader=0, leaderEpoch=0, isrWithBrokerEpoch=List(BrokerState(brokerId=0, brokerEpoch=-1)), leaderRecoveryState=RECOVERED, partitionEpoch=0) (state.change.logger)
[2024-08-10 18:20:27,032] INFO [Controller id=0 epoch=2] Changed partition __consumer_offsets-45 from NewPartition to OnlinePartition with state LeaderAndIsr(leader=0, leaderEpoch=0, isrWithBrokerEpoch=List(BrokerState(brokerId=0, brokerEpoch=-1)), leaderRecoveryState=RECOVERED, partitionEpoch=0) (state.change.logger)
[2024-08-10 18:20:27,032] INFO [Controller id=0 epoch=2] Changed partition __consumer_offsets-1 from NewPartition to OnlinePartition with state LeaderAndIsr(leader=0, leaderEpoch=0, isrWithBrokerEpoch=List(BrokerState(brokerId=0, brokerEpoch=-1)), leaderRecoveryState=RECOVERED, partitionEpoch=0) (state.change.logger)
[2024-08-10 18:20:27,032] INFO [Controller id=0 epoch=2] Changed partition __consumer_offsets-5 from NewPartition to OnlinePartition with state LeaderAndIsr(leader=0, leaderEpoch=0, isrWithBrokerEpoch=List(BrokerState(brokerId=0, brokerEpoch=-1)), leaderRecoveryState=RECOVERED, partitionEpoch=0) (state.change.logger)
[2024-08-10 18:20:27,032] INFO [Controller id=0 epoch=2] Changed partition __consumer_offsets-26 from NewPartition to OnlinePartition with state LeaderAndIsr(leader=0, leaderEpoch=0, isrWithBrokerEpoch=List(BrokerState(brokerId=0, brokerEpoch=-1)), leaderRecoveryState=RECOVERED, partitionEpoch=0) (state.change.logger)
[2024-08-10 18:20:27,032] INFO [Controller id=0 epoch=2] Changed partition __consumer_offsets-29 from NewPartition to OnlinePartition with state LeaderAndIsr(leader=0, leaderEpoch=0, isrWithBrokerEpoch=List(BrokerState(brokerId=0, brokerEpoch=-1)), leaderRecoveryState=RECOVERED, partitionEpoch=0) (state.change.logger)
[2024-08-10 18:20:27,032] INFO [Controller id=0 epoch=2] Changed partition __consumer_offsets-34 from NewPartition to OnlinePartition with state LeaderAndIsr(leader=0, leaderEpoch=0, isrWithBrokerEpoch=List(BrokerState(brokerId=0, brokerEpoch=-1)), leaderRecoveryState=RECOVERED, partitionEpoch=0) (state.change.logger)
[2024-08-10 18:20:27,032] INFO [Controller id=0 epoch=2] Changed partition __consumer_offsets-10 from NewPartition to OnlinePartition with state LeaderAndIsr(leader=0, leaderEpoch=0, isrWithBrokerEpoch=List(BrokerState(brokerId=0, brokerEpoch=-1)), leaderRecoveryState=RECOVERED, partitionEpoch=0) (state.change.logger)
[2024-08-10 18:20:27,032] INFO [Controller id=0 epoch=2] Changed partition __consumer_offsets-32 from NewPartition to OnlinePartition with state LeaderAndIsr(leader=0, leaderEpoch=0, isrWithBrokerEpoch=List(BrokerState(brokerId=0, brokerEpoch=-1)), leaderRecoveryState=RECOVERED, partitionEpoch=0) (state.change.logger)
[2024-08-10 18:20:27,032] INFO [Controller id=0 epoch=2] Changed partition __consumer_offsets-40 from NewPartition to OnlinePartition with state LeaderAndIsr(leader=0, leaderEpoch=0, isrWithBrokerEpoch=List(BrokerState(brokerId=0, brokerEpoch=-1)), leaderRecoveryState=RECOVERED, partitionEpoch=0) (state.change.logger)
[2024-08-10 18:20:27,032] INFO [Controller id=0 epoch=2] Sending LeaderAndIsr request to broker 0 with 50 become-leader and 0 become-follower partitions (state.change.logger)
[2024-08-10 18:20:27,032] INFO [Controller id=0 epoch=2] Sending UpdateMetadata request to brokers Set(0) for 50 partitions (state.change.logger)
[2024-08-10 18:20:27,033] INFO [Controller id=0 epoch=2] Sending UpdateMetadata request to brokers Set() for 0 partitions (state.change.logger)
[2024-08-10 18:20:27,035] INFO [Broker id=0] Add 1 partitions and deleted 0 partitions from metadata cache in response to UpdateMetadata request sent by controller 0 epoch 2 with correlation id 2 (state.change.logger)
[2024-08-10 18:20:27,036] INFO [Broker id=0] Handling LeaderAndIsr request correlationId 3 from controller 0 for 50 partitions (state.change.logger)
[2024-08-10 18:20:27,041] INFO [Broker id=0] Stopped fetchers as part of LeaderAndIsr request correlationId 3 from controller 0 epoch 2 as part of the become-leader transition for 50 partitions (state.change.logger)
[2024-08-10 18:20:27,045] INFO [Broker id=0] Leader __consumer_offsets-0 with topic id Some(3_QOwnoaQLe5hSYo5YceMg) starts at leader epoch 0 from offset 0 with partition epoch 0, high watermark 0, ISR [0], adding replicas [] and removing replicas [] . Previous leader None and previous leader epoch was -1. (state.change.logger)
[2024-08-10 18:20:27,052] INFO [Broker id=0] Leader __consumer_offsets-29 with topic id Some(3_QOwnoaQLe5hSYo5YceMg) starts at leader epoch 0 from offset 0 with partition epoch 0, high watermark 0, ISR [0], adding replicas [] and removing replicas [] . Previous leader None and previous leader epoch was -1. (state.change.logger)
[2024-08-10 18:20:27,059] INFO [Broker id=0] Leader __consumer_offsets-48 with topic id Some(3_QOwnoaQLe5hSYo5YceMg) starts at leader epoch 0 from offset 0 with partition epoch 0, high watermark 0, ISR [0], adding replicas [] and removing replicas [] . Previous leader None and previous leader epoch was -1. (state.change.logger)
[2024-08-10 18:20:27,070] INFO [Broker id=0] Leader __consumer_offsets-10 with topic id Some(3_QOwnoaQLe5hSYo5YceMg) starts at leader epoch 0 from offset 0 with partition epoch 0, high watermark 0, ISR [0], adding replicas [] and removing replicas [] . Previous leader None and previous leader epoch was -1. (state.change.logger)
[2024-08-10 18:20:27,075] INFO [Broker id=0] Leader __consumer_offsets-45 with topic id Some(3_QOwnoaQLe5hSYo5YceMg) starts at leader epoch 0 from offset 0 with partition epoch 0, high watermark 0, ISR [0], adding replicas [] and removing replicas [] . Previous leader None and previous leader epoch was -1. (state.change.logger)
[2024-08-10 18:20:27,083] INFO [Broker id=0] Leader __consumer_offsets-26 with topic id Some(3_QOwnoaQLe5hSYo5YceMg) starts at leader epoch 0 from offset 0 with partition epoch 0, high watermark 0, ISR [0], adding replicas [] and removing replicas [] . Previous leader None and previous leader epoch was -1. (state.change.logger)
[2024-08-10 18:20:27,090] INFO [Broker id=0] Leader __consumer_offsets-7 with topic id Some(3_QOwnoaQLe5hSYo5YceMg) starts at leader epoch 0 from offset 0 with partition epoch 0, high watermark 0, ISR [0], adding replicas [] and removing replicas [] . Previous leader None and previous leader epoch was -1. (state.change.logger)
[2024-08-10 18:20:27,098] INFO [Broker id=0] Leader __consumer_offsets-42 with topic id Some(3_QOwnoaQLe5hSYo5YceMg) starts at leader epoch 0 from offset 0 with partition epoch 0, high watermark 0, ISR [0], adding replicas [] and removing replicas [] . Previous leader None and previous leader epoch was -1. (state.change.logger)
[2024-08-10 18:20:27,106] INFO [Broker id=0] Leader __consumer_offsets-4 with topic id Some(3_QOwnoaQLe5hSYo5YceMg) starts at leader epoch 0 from offset 0 with partition epoch 0, high watermark 0, ISR [0], adding replicas [] and removing replicas [] . Previous leader None and previous leader epoch was -1. (state.change.logger)
[2024-08-10 18:20:27,115] INFO [Broker id=0] Leader __consumer_offsets-23 with topic id Some(3_QOwnoaQLe5hSYo5YceMg) starts at leader epoch 0 from offset 0 with partition epoch 0, high watermark 0, ISR [0], adding replicas [] and removing replicas [] . Previous leader None and previous leader epoch was -1. (state.change.logger)
[2024-08-10 18:20:27,123] INFO [Broker id=0] Leader __consumer_offsets-1 with topic id Some(3_QOwnoaQLe5hSYo5YceMg) starts at leader epoch 0 from offset 0 with partition epoch 0, high watermark 0, ISR [0], adding replicas [] and removing replicas [] . Previous leader None and previous leader epoch was -1. (state.change.logger)
[2024-08-10 18:20:27,131] INFO [Broker id=0] Leader __consumer_offsets-20 with topic id Some(3_QOwnoaQLe5hSYo5YceMg) starts at leader epoch 0 from offset 0 with partition epoch 0, high watermark 0, ISR [0], adding replicas [] and removing replicas [] . Previous leader None and previous leader epoch was -1. (state.change.logger)
[2024-08-10 18:20:27,136] INFO [Broker id=0] Leader __consumer_offsets-39 with topic id Some(3_QOwnoaQLe5hSYo5YceMg) starts at leader epoch 0 from offset 0 with partition epoch 0, high watermark 0, ISR [0], adding replicas [] and removing replicas [] . Previous leader None and previous leader epoch was -1. (state.change.logger)
[2024-08-10 18:20:27,143] INFO [Broker id=0] Leader __consumer_offsets-17 with topic id Some(3_QOwnoaQLe5hSYo5YceMg) starts at leader epoch 0 from offset 0 with partition epoch 0, high watermark 0, ISR [0], adding replicas [] and removing replicas [] . Previous leader None and previous leader epoch was -1. (state.change.logger)
[2024-08-10 18:20:27,150] INFO [Broker id=0] Leader __consumer_offsets-36 with topic id Some(3_QOwnoaQLe5hSYo5YceMg) starts at leader epoch 0 from offset 0 with partition epoch 0, high watermark 0, ISR [0], adding replicas [] and removing replicas [] . Previous leader None and previous leader epoch was -1. (state.change.logger)
[2024-08-10 18:20:27,156] INFO [Broker id=0] Leader __consumer_offsets-14 with topic id Some(3_QOwnoaQLe5hSYo5YceMg) starts at leader epoch 0 from offset 0 with partition epoch 0, high watermark 0, ISR [0], adding replicas [] and removing replicas [] . Previous leader None and previous leader epoch was -1. (state.change.logger)
[2024-08-10 18:20:27,160] INFO [Broker id=0] Leader __consumer_offsets-33 with topic id Some(3_QOwnoaQLe5hSYo5YceMg) starts at leader epoch 0 from offset 0 with partition epoch 0, high watermark 0, ISR [0], adding replicas [] and removing replicas [] . Previous leader None and previous leader epoch was -1. (state.change.logger)
[2024-08-10 18:20:27,168] INFO [Broker id=0] Leader __consumer_offsets-49 with topic id Some(3_QOwnoaQLe5hSYo5YceMg) starts at leader epoch 0 from offset 0 with partition epoch 0, high watermark 0, ISR [0], adding replicas [] and removing replicas [] . Previous leader None and previous leader epoch was -1. (state.change.logger)
[2024-08-10 18:20:27,176] INFO [Broker id=0] Leader __consumer_offsets-11 with topic id Some(3_QOwnoaQLe5hSYo5YceMg) starts at leader epoch 0 from offset 0 with partition epoch 0, high watermark 0, ISR [0], adding replicas [] and removing replicas [] . Previous leader None and previous leader epoch was -1. (state.change.logger)
[2024-08-10 18:20:27,184] INFO [Broker id=0] Leader __consumer_offsets-30 with topic id Some(3_QOwnoaQLe5hSYo5YceMg) starts at leader epoch 0 from offset 0 with partition epoch 0, high watermark 0, ISR [0], adding replicas [] and removing replicas [] . Previous leader None and previous leader epoch was -1. (state.change.logger)
[2024-08-10 18:20:27,193] INFO [Broker id=0] Leader __consumer_offsets-46 with topic id Some(3_QOwnoaQLe5hSYo5YceMg) starts at leader epoch 0 from offset 0 with partition epoch 0, high watermark 0, ISR [0], adding replicas [] and removing replicas [] . Previous leader None and previous leader epoch was -1. (state.change.logger)
[2024-08-10 18:20:27,202] INFO [Broker id=0] Leader __consumer_offsets-27 with topic id Some(3_QOwnoaQLe5hSYo5YceMg) starts at leader epoch 0 from offset 0 with partition epoch 0, high watermark 0, ISR [0], adding replicas [] and removing replicas [] . Previous leader None and previous leader epoch was -1. (state.change.logger)
[2024-08-10 18:20:27,210] INFO [Broker id=0] Leader __consumer_offsets-8 with topic id Some(3_QOwnoaQLe5hSYo5YceMg) starts at leader epoch 0 from offset 0 with partition epoch 0, high watermark 0, ISR [0], adding replicas [] and removing replicas [] . Previous leader None and previous leader epoch was -1. (state.change.logger)
[2024-08-10 18:20:27,217] INFO [Broker id=0] Leader __consumer_offsets-24 with topic id Some(3_QOwnoaQLe5hSYo5YceMg) starts at leader epoch 0 from offset 0 with partition epoch 0, high watermark 0, ISR [0], adding replicas [] and removing replicas [] . Previous leader None and previous leader epoch was -1. (state.change.logger)
[2024-08-10 18:20:27,226] INFO [Broker id=0] Leader __consumer_offsets-43 with topic id Some(3_QOwnoaQLe5hSYo5YceMg) starts at leader epoch 0 from offset 0 with partition epoch 0, high watermark 0, ISR [0], adding replicas [] and removing replicas [] . Previous leader None and previous leader epoch was -1. (state.change.logger)
[2024-08-10 18:20:27,233] INFO [Broker id=0] Leader __consumer_offsets-5 with topic id Some(3_QOwnoaQLe5hSYo5YceMg) starts at leader epoch 0 from offset 0 with partition epoch 0, high watermark 0, ISR [0], adding replicas [] and removing replicas [] . Previous leader None and previous leader epoch was -1. (state.change.logger)
[2024-08-10 18:20:27,240] INFO [Broker id=0] Leader __consumer_offsets-21 with topic id Some(3_QOwnoaQLe5hSYo5YceMg) starts at leader epoch 0 from offset 0 with partition epoch 0, high watermark 0, ISR [0], adding replicas [] and removing replicas [] . Previous leader None and previous leader epoch was -1. (state.change.logger)
[2024-08-10 18:20:27,249] INFO [Broker id=0] Leader __consumer_offsets-40 with topic id Some(3_QOwnoaQLe5hSYo5YceMg) starts at leader epoch 0 from offset 0 with partition epoch 0, high watermark 0, ISR [0], adding replicas [] and removing replicas [] . Previous leader None and previous leader epoch was -1. (state.change.logger)
[2024-08-10 18:20:27,261] INFO [Broker id=0] Leader __consumer_offsets-2 with topic id Some(3_QOwnoaQLe5hSYo5YceMg) starts at leader epoch 0 from offset 0 with partition epoch 0, high watermark 0, ISR [0], adding replicas [] and removing replicas [] . Previous leader None and previous leader epoch was -1. (state.change.logger)
[2024-08-10 18:20:27,266] INFO [Broker id=0] Leader __consumer_offsets-37 with topic id Some(3_QOwnoaQLe5hSYo5YceMg) starts at leader epoch 0 from offset 0 with partition epoch 0, high watermark 0, ISR [0], adding replicas [] and removing replicas [] . Previous leader None and previous leader epoch was -1. (state.change.logger)
[2024-08-10 18:20:27,274] INFO [Broker id=0] Leader __consumer_offsets-18 with topic id Some(3_QOwnoaQLe5hSYo5YceMg) starts at leader epoch 0 from offset 0 with partition epoch 0, high watermark 0, ISR [0], adding replicas [] and removing replicas [] . Previous leader None and previous leader epoch was -1. (state.change.logger)
[2024-08-10 18:20:27,281] INFO [Broker id=0] Leader __consumer_offsets-34 with topic id Some(3_QOwnoaQLe5hSYo5YceMg) starts at leader epoch 0 from offset 0 with partition epoch 0, high watermark 0, ISR [0], adding replicas [] and removing replicas [] . Previous leader None and previous leader epoch was -1. (state.change.logger)
[2024-08-10 18:20:27,288] INFO [Broker id=0] Leader __consumer_offsets-15 with topic id Some(3_QOwnoaQLe5hSYo5YceMg) starts at leader epoch 0 from offset 0 with partition epoch 0, high watermark 0, ISR [0], adding replicas [] and removing replicas [] . Previous leader None and previous leader epoch was -1. (state.change.logger)
[2024-08-10 18:20:27,296] INFO [Broker id=0] Leader __consumer_offsets-12 with topic id Some(3_QOwnoaQLe5hSYo5YceMg) starts at leader epoch 0 from offset 0 with partition epoch 0, high watermark 0, ISR [0], adding replicas [] and removing replicas [] . Previous leader None and previous leader epoch was -1. (state.change.logger)
[2024-08-10 18:20:27,304] INFO [Broker id=0] Leader __consumer_offsets-31 with topic id Some(3_QOwnoaQLe5hSYo5YceMg) starts at leader epoch 0 from offset 0 with partition epoch 0, high watermark 0, ISR [0], adding replicas [] and removing replicas [] . Previous leader None and previous leader epoch was -1. (state.change.logger)
[2024-08-10 18:20:27,312] INFO [Broker id=0] Leader __consumer_offsets-9 with topic id Some(3_QOwnoaQLe5hSYo5YceMg) starts at leader epoch 0 from offset 0 with partition epoch 0, high watermark 0, ISR [0], adding replicas [] and removing replicas [] . Previous leader None and previous leader epoch was -1. (state.change.logger)
[2024-08-10 18:20:27,321] INFO [Broker id=0] Leader __consumer_offsets-47 with topic id Some(3_QOwnoaQLe5hSYo5YceMg) starts at leader epoch 0 from offset 0 with partition epoch 0, high watermark 0, ISR [0], adding replicas [] and removing replicas [] . Previous leader None and previous leader epoch was -1. (state.change.logger)
[2024-08-10 18:20:27,330] INFO [Broker id=0] Leader __consumer_offsets-19 with topic id Some(3_QOwnoaQLe5hSYo5YceMg) starts at leader epoch 0 from offset 0 with partition epoch 0, high watermark 0, ISR [0], adding replicas [] and removing replicas [] . Previous leader None and previous leader epoch was -1. (state.change.logger)
[2024-08-10 18:20:27,337] INFO [Broker id=0] Leader __consumer_offsets-28 with topic id Some(3_QOwnoaQLe5hSYo5YceMg) starts at leader epoch 0 from offset 0 with partition epoch 0, high watermark 0, ISR [0], adding replicas [] and removing replicas [] . Previous leader None and previous leader epoch was -1. (state.change.logger)
[2024-08-10 18:20:27,345] INFO [Broker id=0] Leader __consumer_offsets-38 with topic id Some(3_QOwnoaQLe5hSYo5YceMg) starts at leader epoch 0 from offset 0 with partition epoch 0, high watermark 0, ISR [0], adding replicas [] and removing replicas [] . Previous leader None and previous leader epoch was -1. (state.change.logger)
[2024-08-10 18:20:27,353] INFO [Broker id=0] Leader __consumer_offsets-35 with topic id Some(3_QOwnoaQLe5hSYo5YceMg) starts at leader epoch 0 from offset 0 with partition epoch 0, high watermark 0, ISR [0], adding replicas [] and removing replicas [] . Previous leader None and previous leader epoch was -1. (state.change.logger)
[2024-08-10 18:20:27,363] INFO [Broker id=0] Leader __consumer_offsets-6 with topic id Some(3_QOwnoaQLe5hSYo5YceMg) starts at leader epoch 0 from offset 0 with partition epoch 0, high watermark 0, ISR [0], adding replicas [] and removing replicas [] . Previous leader None and previous leader epoch was -1. (state.change.logger)
[2024-08-10 18:20:27,371] INFO [Broker id=0] Leader __consumer_offsets-44 with topic id Some(3_QOwnoaQLe5hSYo5YceMg) starts at leader epoch 0 from offset 0 with partition epoch 0, high watermark 0, ISR [0], adding replicas [] and removing replicas [] . Previous leader None and previous leader epoch was -1. (state.change.logger)
[2024-08-10 18:20:27,379] INFO [Broker id=0] Leader __consumer_offsets-25 with topic id Some(3_QOwnoaQLe5hSYo5YceMg) starts at leader epoch 0 from offset 0 with partition epoch 0, high watermark 0, ISR [0], adding replicas [] and removing replicas [] . Previous leader None and previous leader epoch was -1. (state.change.logger)
[2024-08-10 18:20:27,389] INFO [Broker id=0] Leader __consumer_offsets-16 with topic id Some(3_QOwnoaQLe5hSYo5YceMg) starts at leader epoch 0 from offset 0 with partition epoch 0, high watermark 0, ISR [0], adding replicas [] and removing replicas [] . Previous leader None and previous leader epoch was -1. (state.change.logger)
[2024-08-10 18:20:27,398] INFO [Broker id=0] Leader __consumer_offsets-22 with topic id Some(3_QOwnoaQLe5hSYo5YceMg) starts at leader epoch 0 from offset 0 with partition epoch 0, high watermark 0, ISR [0], adding replicas [] and removing replicas [] . Previous leader None and previous leader epoch was -1. (state.change.logger)
[2024-08-10 18:20:27,406] INFO [Broker id=0] Leader __consumer_offsets-41 with topic id Some(3_QOwnoaQLe5hSYo5YceMg) starts at leader epoch 0 from offset 0 with partition epoch 0, high watermark 0, ISR [0], adding replicas [] and removing replicas [] . Previous leader None and previous leader epoch was -1. (state.change.logger)
[2024-08-10 18:20:27,415] INFO [Broker id=0] Leader __consumer_offsets-32 with topic id Some(3_QOwnoaQLe5hSYo5YceMg) starts at leader epoch 0 from offset 0 with partition epoch 0, high watermark 0, ISR [0], adding replicas [] and removing replicas [] . Previous leader None and previous leader epoch was -1. (state.change.logger)
[2024-08-10 18:20:27,423] INFO [Broker id=0] Leader __consumer_offsets-3 with topic id Some(3_QOwnoaQLe5hSYo5YceMg) starts at leader epoch 0 from offset 0 with partition epoch 0, high watermark 0, ISR [0], adding replicas [] and removing replicas [] . Previous leader None and previous leader epoch was -1. (state.change.logger)
[2024-08-10 18:20:27,429] INFO [Broker id=0] Leader __consumer_offsets-13 with topic id Some(3_QOwnoaQLe5hSYo5YceMg) starts at leader epoch 0 from offset 0 with partition epoch 0, high watermark 0, ISR [0], adding replicas [] and removing replicas [] . Previous leader None and previous leader epoch was -1. (state.change.logger)
[2024-08-10 18:20:27,438] INFO [Broker id=0] Finished LeaderAndIsr request in 402ms correlationId 3 from controller 0 for 50 partitions (state.change.logger)
[2024-08-10 18:20:27,439] INFO [Broker id=0] Add 50 partitions and deleted 0 partitions from metadata cache in response to UpdateMetadata request sent by controller 0 epoch 2 with correlation id 4 (state.change.logger)
